Traceback (most recent call last):
  File "/Users/KSIsleif/opt/anaconda3/lib/python3.9/site-packages/jupyter_cache/executors/utils.py", line 51, in single_nb_execution
    executenb(
  File "/Users/KSIsleif/opt/anaconda3/lib/python3.9/site-packages/nbclient/client.py", line 1204, in execute
    return NotebookClient(nb=nb, resources=resources, km=km, **kwargs).execute()
  File "/Users/KSIsleif/opt/anaconda3/lib/python3.9/site-packages/nbclient/util.py", line 84, in wrapped
    return just_run(coro(*args, **kwargs))
  File "/Users/KSIsleif/opt/anaconda3/lib/python3.9/site-packages/nbclient/util.py", line 62, in just_run
    return loop.run_until_complete(coro)
  File "/Users/KSIsleif/opt/anaconda3/lib/python3.9/asyncio/base_events.py", line 647, in run_until_complete
    return future.result()
  File "/Users/KSIsleif/opt/anaconda3/lib/python3.9/site-packages/nbclient/client.py", line 663, in async_execute
    await self.async_execute_cell(
  File "/Users/KSIsleif/opt/anaconda3/lib/python3.9/site-packages/nbclient/client.py", line 965, in async_execute_cell
    await self._check_raise_for_error(cell, cell_index, exec_reply)
  File "/Users/KSIsleif/opt/anaconda3/lib/python3.9/site-packages/nbclient/client.py", line 862, in _check_raise_for_error
    raise CellExecutionError.from_cell_and_msg(cell, exec_reply_content)
nbclient.exceptions.CellExecutionError: An error occurred while executing the following cell:
------------------
#Benötigte Libraries:
import numpy as np
import pandas as pd
import matplotlib.pyplot as plt
import plotly.offline as py
py.init_notebook_mode(connected=True)
import plotly.graph_objs as go
import plotly.tools as tls
import seaborn as sns
import time
import warnings
warnings.filterwarnings('ignore')

# MatplotLib Settings:
plt.style.use('default') # Matplotlib Style wählen
plt.figure(figsize=(6,4)) # Plot-Größe
#plt.xkcd()
plt.rcParams['font.size'] = 10; # Schriftgröße

link = 'data/graph.csv' # Beispieldatei mit Klimadaten
global_mean = pd.read_csv(link, header = 1) # Daten einlesen
global_mean["uncertainty"] = 0.25 #Messunsicherheiten abschätzen, hier 0.25K Temperaturgenauigkeit angenommen

x=global_mean.loc[global_mean["Year"] >= 1980,"Year"]
y=global_mean.loc[global_mean["Year"] >= 1980,"No_Smoothing"]
y_err = global_mean.loc[global_mean["Year"] >= 1980,"uncertainty"]
model = np.polyfit(x, y, deg=1, w=1/y_err, cov=True) # 1. Wert = Anstieg , 2. Wert = Schnittpunkt mit y-Achse
y_model = model[0][0]*global_mean["Year"]+model[0][1] # Modell einer linearen Regression

plt.plot(global_mean["Year"],global_mean["No_Smoothing"], ls="-", lw=1, marker="s", ms=3, color="tab:gray", alpha=0.5, label="Werte");
plt.plot(global_mean["Year"],y_model, ls="-", lw=1.5, color="tab:blue", label=f"lineare Regression y=({model[0][0]*1000:.3f}+-{np.sqrt(model[1][0][0]*1000):.3f})1e-3*x+({model[0][1]:.3f}+-{np.sqrt(model[1][1][1]):.3f})");
plt.xlabel('Größe x')
plt.ylabel("Größe y")

plt.annotate("",xy=(1980, 0.15), xycoords='data',xytext=(1980, -1), textcoords='data',arrowprops=dict(arrowstyle="->",connectionstyle="arc3",color = "k", lw=3), )
plt.annotate("",xy=(1880, 0.15), xycoords='data',xytext=(1980, 0.15), textcoords='data',arrowprops=dict(arrowstyle="->",connectionstyle="arc3",color = "k", lw=3), )

plt.annotate("",xy=(1960, -0.25), xycoords='data',xytext=(1960, -1), textcoords='data',arrowprops=dict(arrowstyle="->",connectionstyle="arc3",color = "tab:blue", lw=3, ls = '-.'), )
plt.annotate("",xy=(1880, -0.25), xycoords='data',xytext=(1960, -0.25), textcoords='data',arrowprops=dict(arrowstyle="->",connectionstyle="arc3",color = "tab:blue", lw=3, ls = '-.'), )

plt.annotate("",xy=(2000, 0.52), xycoords='data',xytext=(2000, -1), textcoords='data',arrowprops=dict(arrowstyle="->",connectionstyle="arc3",color = "tab:blue", lw=3, alpha = 0.5, ls = '--'), )
plt.annotate("",xy=(1880, 0.52), xycoords='data',xytext=(2000, 0.52), textcoords='data',arrowprops=dict(arrowstyle="->",connectionstyle="arc3",color = "tab:blue", lw=3, alpha = 0.5, ls = '--'), )

# X-Arrows:
plt.annotate("",xy=(1960, -0.75), xycoords='data',xytext=(1980, -0.75), textcoords='data',arrowprops=dict(arrowstyle="->",connectionstyle="arc3",color = "tab:blue", lw=2), )
plt.annotate('',xy=(2000, -0.75), xycoords='data',xytext=(1980, -0.75), textcoords='data',arrowprops=dict(arrowstyle="->",connectionstyle="arc3",color = "tab:blue", lw=2, alpha = 0.5), )
plt.annotate(r'$-\Delta x$',xy=(1960, -0.75),xytext=(1965, -0.7), color="tab:blue")
plt.annotate(r'$+\Delta x$',xy=(2000, -0.75),xytext=(1985, -0.7), color="tab:blue", alpha = 0.5)

# Y-Arrows:
plt.annotate("",xy=(1880, -0.25), xycoords='data',xytext=(1880, 0.15), textcoords='data',arrowprops=dict(arrowstyle="->",connectionstyle="arc3",color = "tab:blue", lw=2), )
plt.annotate('',xy=(1880, 0.52), xycoords='data',xytext=(1880, 0.15), textcoords='data',arrowprops=dict(arrowstyle="->",connectionstyle="arc3",color = "tab:blue", lw=2, alpha = 0.5), )
plt.annotate(r'$-\Delta y$',xy=(1881, -0.),xytext=(1881, -0.), color="tab:blue")
plt.annotate(r'$+\Delta y$',xy=(1881, 0.27),xytext=(1881, 0.27), color="tab:blue", alpha = 0.5)

plt.xlim([1880,2020])
plt.ylim([-1.0,1.1])
plt.grid();
------------------

[0;31m---------------------------------------------------------------------------[0m
[0;31mFileNotFoundError[0m                         Traceback (most recent call last)
Cell [0;32mIn[1], line 21[0m
[1;32m     18[0m plt[38;5;241m.[39mrcParams[[38;5;124m'[39m[38;5;124mfont.size[39m[38;5;124m'[39m] [38;5;241m=[39m [38;5;241m10[39m; [38;5;66;03m# Schriftgröße[39;00m
[1;32m     20[0m link [38;5;241m=[39m [38;5;124m'[39m[38;5;124mdata/graph.csv[39m[38;5;124m'[39m [38;5;66;03m# Beispieldatei mit Klimadaten[39;00m
[0;32m---> 21[0m global_mean [38;5;241m=[39m [43mpd[49m[38;5;241;43m.[39;49m[43mread_csv[49m[43m([49m[43mlink[49m[43m,[49m[43m [49m[43mheader[49m[43m [49m[38;5;241;43m=[39;49m[43m [49m[38;5;241;43m1[39;49m[43m)[49m [38;5;66;03m# Daten einlesen[39;00m
[1;32m     22[0m global_mean[[38;5;124m"[39m[38;5;124muncertainty[39m[38;5;124m"[39m] [38;5;241m=[39m [38;5;241m0.25[39m [38;5;66;03m#Messunsicherheiten abschätzen, hier 0.25K Temperaturgenauigkeit angenommen[39;00m
[1;32m     24[0m x[38;5;241m=[39mglobal_mean[38;5;241m.[39mloc[global_mean[[38;5;124m"[39m[38;5;124mYear[39m[38;5;124m"[39m] [38;5;241m>[39m[38;5;241m=[39m [38;5;241m1980[39m,[38;5;124m"[39m[38;5;124mYear[39m[38;5;124m"[39m]

File [0;32m~/opt/anaconda3/lib/python3.9/site-packages/pandas/util/_decorators.py:311[0m, in [0;36mdeprecate_nonkeyword_arguments.<locals>.decorate.<locals>.wrapper[0;34m(*args, **kwargs)[0m
[1;32m    305[0m [38;5;28;01mif[39;00m [38;5;28mlen[39m(args) [38;5;241m>[39m num_allow_args:
[1;32m    306[0m     warnings[38;5;241m.[39mwarn(
[1;32m    307[0m         msg[38;5;241m.[39mformat(arguments[38;5;241m=[39marguments),
[1;32m    308[0m         [38;5;167;01mFutureWarning[39;00m,
[1;32m    309[0m         stacklevel[38;5;241m=[39mstacklevel,
[1;32m    310[0m     )
[0;32m--> 311[0m [38;5;28;01mreturn[39;00m [43mfunc[49m[43m([49m[38;5;241;43m*[39;49m[43margs[49m[43m,[49m[43m [49m[38;5;241;43m*[39;49m[38;5;241;43m*[39;49m[43mkwargs[49m[43m)[49m

File [0;32m~/opt/anaconda3/lib/python3.9/site-packages/pandas/io/parsers/readers.py:678[0m, in [0;36mread_csv[0;34m(filepath_or_buffer, sep, delimiter, header, names, index_col, usecols, squeeze, prefix, mangle_dupe_cols, dtype, engine, converters, true_values, false_values, skipinitialspace, skiprows, skipfooter, nrows, na_values, keep_default_na, na_filter, verbose, skip_blank_lines, parse_dates, infer_datetime_format, keep_date_col, date_parser, dayfirst, cache_dates, iterator, chunksize, compression, thousands, decimal, lineterminator, quotechar, quoting, doublequote, escapechar, comment, encoding, encoding_errors, dialect, error_bad_lines, warn_bad_lines, on_bad_lines, delim_whitespace, low_memory, memory_map, float_precision, storage_options)[0m
[1;32m    663[0m kwds_defaults [38;5;241m=[39m _refine_defaults_read(
[1;32m    664[0m     dialect,
[1;32m    665[0m     delimiter,
[0;32m   (...)[0m
[1;32m    674[0m     defaults[38;5;241m=[39m{[38;5;124m"[39m[38;5;124mdelimiter[39m[38;5;124m"[39m: [38;5;124m"[39m[38;5;124m,[39m[38;5;124m"[39m},
[1;32m    675[0m )
[1;32m    676[0m kwds[38;5;241m.[39mupdate(kwds_defaults)
[0;32m--> 678[0m [38;5;28;01mreturn[39;00m [43m_read[49m[43m([49m[43mfilepath_or_buffer[49m[43m,[49m[43m [49m[43mkwds[49m[43m)[49m

File [0;32m~/opt/anaconda3/lib/python3.9/site-packages/pandas/io/parsers/readers.py:575[0m, in [0;36m_read[0;34m(filepath_or_buffer, kwds)[0m
[1;32m    572[0m _validate_names(kwds[38;5;241m.[39mget([38;5;124m"[39m[38;5;124mnames[39m[38;5;124m"[39m, [38;5;28;01mNone[39;00m))
[1;32m    574[0m [38;5;66;03m# Create the parser.[39;00m
[0;32m--> 575[0m parser [38;5;241m=[39m [43mTextFileReader[49m[43m([49m[43mfilepath_or_buffer[49m[43m,[49m[43m [49m[38;5;241;43m*[39;49m[38;5;241;43m*[39;49m[43mkwds[49m[43m)[49m
[1;32m    577[0m [38;5;28;01mif[39;00m chunksize [38;5;129;01mor[39;00m iterator:
[1;32m    578[0m     [38;5;28;01mreturn[39;00m parser

File [0;32m~/opt/anaconda3/lib/python3.9/site-packages/pandas/io/parsers/readers.py:932[0m, in [0;36mTextFileReader.__init__[0;34m(self, f, engine, **kwds)[0m
[1;32m    929[0m     [38;5;28mself[39m[38;5;241m.[39moptions[[38;5;124m"[39m[38;5;124mhas_index_names[39m[38;5;124m"[39m] [38;5;241m=[39m kwds[[38;5;124m"[39m[38;5;124mhas_index_names[39m[38;5;124m"[39m]
[1;32m    931[0m [38;5;28mself[39m[38;5;241m.[39mhandles: IOHandles [38;5;241m|[39m [38;5;28;01mNone[39;00m [38;5;241m=[39m [38;5;28;01mNone[39;00m
[0;32m--> 932[0m [38;5;28mself[39m[38;5;241m.[39m_engine [38;5;241m=[39m [38;5;28;43mself[39;49m[38;5;241;43m.[39;49m[43m_make_engine[49m[43m([49m[43mf[49m[43m,[49m[43m [49m[38;5;28;43mself[39;49m[38;5;241;43m.[39;49m[43mengine[49m[43m)[49m

File [0;32m~/opt/anaconda3/lib/python3.9/site-packages/pandas/io/parsers/readers.py:1216[0m, in [0;36mTextFileReader._make_engine[0;34m(self, f, engine)[0m
[1;32m   1212[0m     mode [38;5;241m=[39m [38;5;124m"[39m[38;5;124mrb[39m[38;5;124m"[39m
[1;32m   1213[0m [38;5;66;03m# error: No overload variant of "get_handle" matches argument types[39;00m
[1;32m   1214[0m [38;5;66;03m# "Union[str, PathLike[str], ReadCsvBuffer[bytes], ReadCsvBuffer[str]]"[39;00m
[1;32m   1215[0m [38;5;66;03m# , "str", "bool", "Any", "Any", "Any", "Any", "Any"[39;00m
[0;32m-> 1216[0m [38;5;28mself[39m[38;5;241m.[39mhandles [38;5;241m=[39m [43mget_handle[49m[43m([49m[43m  [49m[38;5;66;43;03m# type: ignore[call-overload][39;49;00m
[1;32m   1217[0m [43m    [49m[43mf[49m[43m,[49m
[1;32m   1218[0m [43m    [49m[43mmode[49m[43m,[49m
[1;32m   1219[0m [43m    [49m[43mencoding[49m[38;5;241;43m=[39;49m[38;5;28;43mself[39;49m[38;5;241;43m.[39;49m[43moptions[49m[38;5;241;43m.[39;49m[43mget[49m[43m([49m[38;5;124;43m"[39;49m[38;5;124;43mencoding[39;49m[38;5;124;43m"[39;49m[43m,[49m[43m [49m[38;5;28;43;01mNone[39;49;00m[43m)[49m[43m,[49m
[1;32m   1220[0m [43m    [49m[43mcompression[49m[38;5;241;43m=[39;49m[38;5;28;43mself[39;49m[38;5;241;43m.[39;49m[43moptions[49m[38;5;241;43m.[39;49m[43mget[49m[43m([49m[38;5;124;43m"[39;49m[38;5;124;43mcompression[39;49m[38;5;124;43m"[39;49m[43m,[49m[43m [49m[38;5;28;43;01mNone[39;49;00m[43m)[49m[43m,[49m
[1;32m   1221[0m [43m    [49m[43mmemory_map[49m[38;5;241;43m=[39;49m[38;5;28;43mself[39;49m[38;5;241;43m.[39;49m[43moptions[49m[38;5;241;43m.[39;49m[43mget[49m[43m([49m[38;5;124;43m"[39;49m[38;5;124;43mmemory_map[39;49m[38;5;124;43m"[39;49m[43m,[49m[43m [49m[38;5;28;43;01mFalse[39;49;00m[43m)[49m[43m,[49m
[1;32m   1222[0m [43m    [49m[43mis_text[49m[38;5;241;43m=[39;49m[43mis_text[49m[43m,[49m
[1;32m   1223[0m [43m    [49m[43merrors[49m[38;5;241;43m=[39;49m[38;5;28;43mself[39;49m[38;5;241;43m.[39;49m[43moptions[49m[38;5;241;43m.[39;49m[43mget[49m[43m([49m[38;5;124;43m"[39;49m[38;5;124;43mencoding_errors[39;49m[38;5;124;43m"[39;49m[43m,[49m[43m [49m[38;5;124;43m"[39;49m[38;5;124;43mstrict[39;49m[38;5;124;43m"[39;49m[43m)[49m[43m,[49m
[1;32m   1224[0m [43m    [49m[43mstorage_options[49m[38;5;241;43m=[39;49m[38;5;28;43mself[39;49m[38;5;241;43m.[39;49m[43moptions[49m[38;5;241;43m.[39;49m[43mget[49m[43m([49m[38;5;124;43m"[39;49m[38;5;124;43mstorage_options[39;49m[38;5;124;43m"[39;49m[43m,[49m[43m [49m[38;5;28;43;01mNone[39;49;00m[43m)[49m[43m,[49m
[1;32m   1225[0m [43m[49m[43m)[49m
[1;32m   1226[0m [38;5;28;01massert[39;00m [38;5;28mself[39m[38;5;241m.[39mhandles [38;5;129;01mis[39;00m [38;5;129;01mnot[39;00m [38;5;28;01mNone[39;00m
[1;32m   1227[0m f [38;5;241m=[39m [38;5;28mself[39m[38;5;241m.[39mhandles[38;5;241m.[39mhandle

File [0;32m~/opt/anaconda3/lib/python3.9/site-packages/pandas/io/common.py:786[0m, in [0;36mget_handle[0;34m(path_or_buf, mode, encoding, compression, memory_map, is_text, errors, storage_options)[0m
[1;32m    781[0m [38;5;28;01melif[39;00m [38;5;28misinstance[39m(handle, [38;5;28mstr[39m):
[1;32m    782[0m     [38;5;66;03m# Check whether the filename is to be opened in binary mode.[39;00m
[1;32m    783[0m     [38;5;66;03m# Binary mode does not support 'encoding' and 'newline'.[39;00m
[1;32m    784[0m     [38;5;28;01mif[39;00m ioargs[38;5;241m.[39mencoding [38;5;129;01mand[39;00m [38;5;124m"[39m[38;5;124mb[39m[38;5;124m"[39m [38;5;129;01mnot[39;00m [38;5;129;01min[39;00m ioargs[38;5;241m.[39mmode:
[1;32m    785[0m         [38;5;66;03m# Encoding[39;00m
[0;32m--> 786[0m         handle [38;5;241m=[39m [38;5;28;43mopen[39;49m[43m([49m
[1;32m    787[0m [43m            [49m[43mhandle[49m[43m,[49m
[1;32m    788[0m [43m            [49m[43mioargs[49m[38;5;241;43m.[39;49m[43mmode[49m[43m,[49m
[1;32m    789[0m [43m            [49m[43mencoding[49m[38;5;241;43m=[39;49m[43mioargs[49m[38;5;241;43m.[39;49m[43mencoding[49m[43m,[49m
[1;32m    790[0m [43m            [49m[43merrors[49m[38;5;241;43m=[39;49m[43merrors[49m[43m,[49m
[1;32m    791[0m [43m            [49m[43mnewline[49m[38;5;241;43m=[39;49m[38;5;124;43m"[39;49m[38;5;124;43m"[39;49m[43m,[49m
[1;32m    792[0m [43m        [49m[43m)[49m
[1;32m    793[0m     [38;5;28;01melse[39;00m:
[1;32m    794[0m         [38;5;66;03m# Binary mode[39;00m
[1;32m    795[0m         handle [38;5;241m=[39m [38;5;28mopen[39m(handle, ioargs[38;5;241m.[39mmode)

[0;31mFileNotFoundError[0m: [Errno 2] No such file or directory: 'data/graph.csv'
FileNotFoundError: [Errno 2] No such file or directory: 'data/graph.csv'

