Traceback (most recent call last):
  File "/Users/KSIsleif/opt/anaconda3/lib/python3.9/site-packages/jupyter_cache/executors/utils.py", line 51, in single_nb_execution
    executenb(
  File "/Users/KSIsleif/opt/anaconda3/lib/python3.9/site-packages/nbclient/client.py", line 1204, in execute
    return NotebookClient(nb=nb, resources=resources, km=km, **kwargs).execute()
  File "/Users/KSIsleif/opt/anaconda3/lib/python3.9/site-packages/nbclient/util.py", line 84, in wrapped
    return just_run(coro(*args, **kwargs))
  File "/Users/KSIsleif/opt/anaconda3/lib/python3.9/site-packages/nbclient/util.py", line 62, in just_run
    return loop.run_until_complete(coro)
  File "/Users/KSIsleif/opt/anaconda3/lib/python3.9/asyncio/base_events.py", line 647, in run_until_complete
    return future.result()
  File "/Users/KSIsleif/opt/anaconda3/lib/python3.9/site-packages/nbclient/client.py", line 663, in async_execute
    await self.async_execute_cell(
  File "/Users/KSIsleif/opt/anaconda3/lib/python3.9/site-packages/nbclient/client.py", line 965, in async_execute_cell
    await self._check_raise_for_error(cell, cell_index, exec_reply)
  File "/Users/KSIsleif/opt/anaconda3/lib/python3.9/site-packages/nbclient/client.py", line 862, in _check_raise_for_error
    raise CellExecutionError.from_cell_and_msg(cell, exec_reply_content)
nbclient.exceptions.CellExecutionError: An error occurred while executing the following cell:
------------------
from scipy.signal import butter, lfilter, freqz
plt.style.use('default') # Matplotlib Style wählen
plt.figure(figsize=(7,3)) # Plot-Größe
plt.rcParams['font.size'] = 10; # Schriftgröße

f = 100e3
SAMPLE_RATE = 10e6  # Hertz
DURATION = 1e-4  # mSeconds
t = np.linspace(0, DURATION, int(SAMPLE_RATE * DURATION), endpoint=False)

y = signal.square(2 * np.pi * f * t)

def butter_lowpass(cutoff, FS, order=5):
    nyq = 0.5* FS
    normal_cutoff= cutoff/nyq
    b,a = butter(order, normal_cutoff, btype = 'low', analog = False)
    return b,a

def butter_lowpass_filter(data, cutoff, FS, order=5):
    b,a = butter_lowpass(cutoff, FS, order=order)
    y = lfilter(b,a,data)
    return y

order = 1
cutoff = 1/(2*np.pi*R_ges_1*C_i)
y_filt = butter_lowpass_filter(y,cutoff, SAMPLE_RATE, order)

plt.subplot(1,2,1)
plt.plot(t*1000,y, 'tab:blue',label = 'ohne Messeingang')
#plt.xlim([0,0.1])
plt.xlabel('Zeit (ms)')
plt.ylabel('Spannung (V)')
plt.legend(loc='upper right')

plt.subplot(1,2,2)
plt.plot(t*1000,y, 'tab:blue', alpha = 0.5, ls=':', label = 'ohne Messeingang')
plt.plot(t*1000,y_filt, 'tab:red', lw=2, label = 'mit Messeingang')
#plt.xlim([0,0.1])
plt.xlabel('Zeit (ms)')
plt.ylabel('Spannung (V)')
plt.legend(loc='upper right')
plt.tight_layout()

------------------

[0;31m---------------------------------------------------------------------------[0m
[0;31mNameError[0m                                 Traceback (most recent call last)
Input [0;32mIn [3][0m, in [0;36m<cell line: 11>[0;34m()[0m
[1;32m      8[0m DURATION [38;5;241m=[39m [38;5;241m1e-4[39m  [38;5;66;03m# mSeconds[39;00m
[1;32m      9[0m t [38;5;241m=[39m np[38;5;241m.[39mlinspace([38;5;241m0[39m, DURATION, [38;5;28mint[39m(SAMPLE_RATE [38;5;241m*[39m DURATION), endpoint[38;5;241m=[39m[38;5;28;01mFalse[39;00m)
[0;32m---> 11[0m y [38;5;241m=[39m [43msignal[49m[38;5;241m.[39msquare([38;5;241m2[39m [38;5;241m*[39m np[38;5;241m.[39mpi [38;5;241m*[39m f [38;5;241m*[39m t)
[1;32m     13[0m [38;5;28;01mdef[39;00m [38;5;21mbutter_lowpass[39m(cutoff, FS, order[38;5;241m=[39m[38;5;241m5[39m):
[1;32m     14[0m     nyq [38;5;241m=[39m [38;5;241m0.5[39m[38;5;241m*[39m FS

[0;31mNameError[0m: name 'signal' is not defined
NameError: name 'signal' is not defined

