Traceback (most recent call last):
  File "/Users/KSIsleif/opt/anaconda3/lib/python3.9/site-packages/jupyter_cache/executors/utils.py", line 51, in single_nb_execution
    executenb(
  File "/Users/KSIsleif/opt/anaconda3/lib/python3.9/site-packages/nbclient/client.py", line 1204, in execute
    return NotebookClient(nb=nb, resources=resources, km=km, **kwargs).execute()
  File "/Users/KSIsleif/opt/anaconda3/lib/python3.9/site-packages/nbclient/util.py", line 84, in wrapped
    return just_run(coro(*args, **kwargs))
  File "/Users/KSIsleif/opt/anaconda3/lib/python3.9/site-packages/nbclient/util.py", line 62, in just_run
    return loop.run_until_complete(coro)
  File "/Users/KSIsleif/opt/anaconda3/lib/python3.9/asyncio/base_events.py", line 647, in run_until_complete
    return future.result()
  File "/Users/KSIsleif/opt/anaconda3/lib/python3.9/site-packages/nbclient/client.py", line 663, in async_execute
    await self.async_execute_cell(
  File "/Users/KSIsleif/opt/anaconda3/lib/python3.9/site-packages/nbclient/client.py", line 965, in async_execute_cell
    await self._check_raise_for_error(cell, cell_index, exec_reply)
  File "/Users/KSIsleif/opt/anaconda3/lib/python3.9/site-packages/nbclient/client.py", line 862, in _check_raise_for_error
    raise CellExecutionError.from_cell_and_msg(cell, exec_reply_content)
nbclient.exceptions.CellExecutionError: An error occurred while executing the following cell:
------------------
%matplotlib notebook
import numpy as np
import matplotlib.pyplot as plt
import matplotlib.animation as animation
from IPython.display import HTML
# MatplotLib Settings:
plt.style.use('default') # Matplotlib Style wählen
plt.xkcd()
plt.rcParams['font.size'] = 10; # Schriftgröße

fig, ax = plt.subplots(figsize=(5,3))

A_1 = 1.0
A_2 = 1.0
f_het = 10e3
phase = 0
t = np.linspace(0, 0.5e-3, num=10000)

x = np.arange(0, 2*np.pi, 0.01)
line, = ax.plot(t*1e3, A_1 * A_2 * np.sin(2*np.pi*f_het * t), color='tab:red')
ax.set_xlabel('Zeit (ms)')
ax.set_ylabel('Photostrom (a.u.)')
ax.set_title('Oszilloskop: ')
num = 51
tTM = np.linspace(0,2*np.pi , num=num)
xTM = np.cos(tTM)

def animate(i):
    line.set_ydata(A_1 * A_2 * np.sin(2*np.pi*f_het * t + xTM[i]))  # update the data.
    return line,


ani = animation.FuncAnimation(
    fig, animate, interval=40, blit=True, save_count=num)

# To save the animation, use e.g.
#
# ani.save("movie.mp4")
#
# or
#
# writer = animation.FFMpegWriter(
#     fps=15, metadata=dict(artist='Me'), bitrate=1800)
# ani.save("movie.mp4", writer=writer)
plt.tight_layout()
plt.close()
HTML(ani.to_jshtml())

------------------

[0;31m---------------------------------------------------------------------------[0m
[0;31mAttributeError[0m                            Traceback (most recent call last)
Cell [0;32mIn[2], line 46[0m
[1;32m     36[0m [38;5;66;03m# To save the animation, use e.g.[39;00m
[1;32m     37[0m [38;5;66;03m#[39;00m
[1;32m     38[0m [38;5;66;03m# ani.save("movie.mp4")[39;00m
[0;32m   (...)[0m
[1;32m     43[0m [38;5;66;03m#     fps=15, metadata=dict(artist='Me'), bitrate=1800)[39;00m
[1;32m     44[0m [38;5;66;03m# ani.save("movie.mp4", writer=writer)[39;00m
[1;32m     45[0m plt[38;5;241m.[39mtight_layout()
[0;32m---> 46[0m [43mplt[49m[38;5;241;43m.[39;49m[43mclose[49m[43m([49m[43m)[49m
[1;32m     47[0m HTML(ani[38;5;241m.[39mto_jshtml())

File [0;32m~/opt/anaconda3/lib/python3.9/site-packages/matplotlib/pyplot.py:974[0m, in [0;36mclose[0;34m(fig)[0m
[1;32m    972[0m         [38;5;28;01mreturn[39;00m
[1;32m    973[0m     [38;5;28;01melse[39;00m:
[0;32m--> 974[0m         [43m_pylab_helpers[49m[38;5;241;43m.[39;49m[43mGcf[49m[38;5;241;43m.[39;49m[43mdestroy[49m[43m([49m[43mmanager[49m[43m)[49m
[1;32m    975[0m [38;5;28;01melif[39;00m fig [38;5;241m==[39m [38;5;124m'[39m[38;5;124mall[39m[38;5;124m'[39m:
[1;32m    976[0m     _pylab_helpers[38;5;241m.[39mGcf[38;5;241m.[39mdestroy_all()

File [0;32m~/opt/anaconda3/lib/python3.9/site-packages/matplotlib/_pylab_helpers.py:66[0m, in [0;36mGcf.destroy[0;34m(cls, num)[0m
[1;32m     64[0m [38;5;28;01mif[39;00m [38;5;28mhasattr[39m(manager, [38;5;124m"[39m[38;5;124m_cidgcf[39m[38;5;124m"[39m):
[1;32m     65[0m     manager[38;5;241m.[39mcanvas[38;5;241m.[39mmpl_disconnect(manager[38;5;241m.[39m_cidgcf)
[0;32m---> 66[0m [43mmanager[49m[38;5;241;43m.[39;49m[43mdestroy[49m[43m([49m[43m)[49m
[1;32m     67[0m [38;5;28;01mdel[39;00m manager, num

File [0;32m~/opt/anaconda3/lib/python3.9/site-packages/matplotlib/backends/backend_nbagg.py:144[0m, in [0;36mFigureManagerNbAgg.destroy[0;34m(self)[0m
[1;32m    142[0m [38;5;28;01mfor[39;00m comm [38;5;129;01min[39;00m [38;5;28mlist[39m([38;5;28mself[39m[38;5;241m.[39mweb_sockets):
[1;32m    143[0m     comm[38;5;241m.[39mon_close()
[0;32m--> 144[0m [38;5;28;43mself[39;49m[38;5;241;43m.[39;49m[43mclearup_closed[49m[43m([49m[43m)[49m

File [0;32m~/opt/anaconda3/lib/python3.9/site-packages/matplotlib/backends/backend_nbagg.py:152[0m, in [0;36mFigureManagerNbAgg.clearup_closed[0;34m(self)[0m
[1;32m    148[0m [38;5;28mself[39m[38;5;241m.[39mweb_sockets [38;5;241m=[39m {socket [38;5;28;01mfor[39;00m socket [38;5;129;01min[39;00m [38;5;28mself[39m[38;5;241m.[39mweb_sockets
[1;32m    149[0m                     [38;5;28;01mif[39;00m socket[38;5;241m.[39mis_open()}
[1;32m    151[0m [38;5;28;01mif[39;00m [38;5;28mlen[39m([38;5;28mself[39m[38;5;241m.[39mweb_sockets) [38;5;241m==[39m [38;5;241m0[39m:
[0;32m--> 152[0m     [43mCloseEvent[49m[43m([49m[38;5;124;43m"[39;49m[38;5;124;43mclose_event[39;49m[38;5;124;43m"[39;49m[43m,[49m[43m [49m[38;5;28;43mself[39;49m[38;5;241;43m.[39;49m[43mcanvas[49m[43m)[49m[38;5;241;43m.[39;49m[43m_process[49m[43m([49m[43m)[49m

File [0;32m~/opt/anaconda3/lib/python3.9/site-packages/matplotlib/backend_bases.py:1263[0m, in [0;36mEvent._process[0;34m(self)[0m
[1;32m   1261[0m [38;5;28;01mdef[39;00m [38;5;21m_process[39m([38;5;28mself[39m):
[1;32m   1262[0m [38;5;250m    [39m[38;5;124;03m"""Generate an event with name ``self.name`` on ``self.canvas``."""[39;00m
[0;32m-> 1263[0m     [38;5;28;43mself[39;49m[38;5;241;43m.[39;49m[43mcanvas[49m[38;5;241;43m.[39;49m[43mcallbacks[49m[38;5;241;43m.[39;49m[43mprocess[49m[43m([49m[38;5;28;43mself[39;49m[38;5;241;43m.[39;49m[43mname[49m[43m,[49m[43m [49m[38;5;28;43mself[39;49m[43m)[49m

File [0;32m~/opt/anaconda3/lib/python3.9/site-packages/matplotlib/cbook/__init__.py:314[0m, in [0;36mCallbackRegistry.process[0;34m(self, s, *args, **kwargs)[0m
[1;32m    312[0m [38;5;28;01mexcept[39;00m [38;5;167;01mException[39;00m [38;5;28;01mas[39;00m exc:
[1;32m    313[0m     [38;5;28;01mif[39;00m [38;5;28mself[39m[38;5;241m.[39mexception_handler [38;5;129;01mis[39;00m [38;5;129;01mnot[39;00m [38;5;28;01mNone[39;00m:
[0;32m--> 314[0m         [38;5;28;43mself[39;49m[38;5;241;43m.[39;49m[43mexception_handler[49m[43m([49m[43mexc[49m[43m)[49m
[1;32m    315[0m     [38;5;28;01melse[39;00m:
[1;32m    316[0m         [38;5;28;01mraise[39;00m

File [0;32m~/opt/anaconda3/lib/python3.9/site-packages/matplotlib/cbook/__init__.py:98[0m, in [0;36m_exception_printer[0;34m(exc)[0m
[1;32m     96[0m [38;5;28;01mdef[39;00m [38;5;21m_exception_printer[39m(exc):
[1;32m     97[0m     [38;5;28;01mif[39;00m _get_running_interactive_framework() [38;5;129;01min[39;00m [[38;5;124m"[39m[38;5;124mheadless[39m[38;5;124m"[39m, [38;5;28;01mNone[39;00m]:
[0;32m---> 98[0m         [38;5;28;01mraise[39;00m exc
[1;32m     99[0m     [38;5;28;01melse[39;00m:
[1;32m    100[0m         traceback[38;5;241m.[39mprint_exc()

File [0;32m~/opt/anaconda3/lib/python3.9/site-packages/matplotlib/cbook/__init__.py:309[0m, in [0;36mCallbackRegistry.process[0;34m(self, s, *args, **kwargs)[0m
[1;32m    307[0m [38;5;28;01mif[39;00m func [38;5;129;01mis[39;00m [38;5;129;01mnot[39;00m [38;5;28;01mNone[39;00m:
[1;32m    308[0m     [38;5;28;01mtry[39;00m:
[0;32m--> 309[0m         [43mfunc[49m[43m([49m[38;5;241;43m*[39;49m[43margs[49m[43m,[49m[43m [49m[38;5;241;43m*[39;49m[38;5;241;43m*[39;49m[43mkwargs[49m[43m)[49m
[1;32m    310[0m     [38;5;66;03m# this does not capture KeyboardInterrupt, SystemExit,[39;00m
[1;32m    311[0m     [38;5;66;03m# and GeneratorExit[39;00m
[1;32m    312[0m     [38;5;28;01mexcept[39;00m [38;5;167;01mException[39;00m [38;5;28;01mas[39;00m exc:

File [0;32m~/opt/anaconda3/lib/python3.9/site-packages/matplotlib/animation.py:916[0m, in [0;36mAnimation._stop[0;34m(self, *args)[0m
[1;32m    914[0m     [38;5;28mself[39m[38;5;241m.[39m_fig[38;5;241m.[39mcanvas[38;5;241m.[39mmpl_disconnect([38;5;28mself[39m[38;5;241m.[39m_resize_id)
[1;32m    915[0m [38;5;28mself[39m[38;5;241m.[39m_fig[38;5;241m.[39mcanvas[38;5;241m.[39mmpl_disconnect([38;5;28mself[39m[38;5;241m.[39m_close_id)
[0;32m--> 916[0m [38;5;28;43mself[39;49m[38;5;241;43m.[39;49m[43mevent_source[49m[38;5;241;43m.[39;49m[43mremove_callback[49m([38;5;28mself[39m[38;5;241m.[39m_step)
[1;32m    917[0m [38;5;28mself[39m[38;5;241m.[39mevent_source [38;5;241m=[39m [38;5;28;01mNone[39;00m

[0;31mAttributeError[0m: 'NoneType' object has no attribute 'remove_callback'
AttributeError: 'NoneType' object has no attribute 'remove_callback'

