Traceback (most recent call last):
  File "/Users/KSIsleif/opt/anaconda3/lib/python3.9/site-packages/jupyter_cache/executors/utils.py", line 51, in single_nb_execution
    executenb(
  File "/Users/KSIsleif/opt/anaconda3/lib/python3.9/site-packages/nbclient/client.py", line 1204, in execute
    return NotebookClient(nb=nb, resources=resources, km=km, **kwargs).execute()
  File "/Users/KSIsleif/opt/anaconda3/lib/python3.9/site-packages/nbclient/util.py", line 84, in wrapped
    return just_run(coro(*args, **kwargs))
  File "/Users/KSIsleif/opt/anaconda3/lib/python3.9/site-packages/nbclient/util.py", line 62, in just_run
    return loop.run_until_complete(coro)
  File "/Users/KSIsleif/opt/anaconda3/lib/python3.9/asyncio/base_events.py", line 647, in run_until_complete
    return future.result()
  File "/Users/KSIsleif/opt/anaconda3/lib/python3.9/site-packages/nbclient/client.py", line 663, in async_execute
    await self.async_execute_cell(
  File "/Users/KSIsleif/opt/anaconda3/lib/python3.9/site-packages/nbclient/client.py", line 965, in async_execute_cell
    await self._check_raise_for_error(cell, cell_index, exec_reply)
  File "/Users/KSIsleif/opt/anaconda3/lib/python3.9/site-packages/nbclient/client.py", line 862, in _check_raise_for_error
    raise CellExecutionError.from_cell_and_msg(cell, exec_reply_content)
nbclient.exceptions.CellExecutionError: An error occurred while executing the following cell:
------------------
link = "https://www.umweltbundesamt.de/sites/default/files/medien/384/bilder/dateien/3-bis-8_abb-tab_tmt_2021-05-12.xlsx"
GER_mean = pd.read_excel(link,sheet_name="3_DWD",usecols=[1,19]) # einlesen
GER_mean.columns=["Jahr","Jahresmitteltemperatur [°C]"]
GER_mean
------------------

[0;31m---------------------------------------------------------------------------[0m
[0;31mHTTPError[0m                                 Traceback (most recent call last)
[0;32m/var/folders/6d/574ptfzx6v9_j7pylzkngrkm0000gp/T/ipykernel_36319/3494142198.py[0m in [0;36m<module>[0;34m[0m
[1;32m      1[0m [0mlink[0m [0;34m=[0m [0;34m"https://www.umweltbundesamt.de/sites/default/files/medien/384/bilder/dateien/3-bis-8_abb-tab_tmt_2021-05-12.xlsx"[0m[0;34m[0m[0;34m[0m[0m
[0;32m----> 2[0;31m [0mGER_mean[0m [0;34m=[0m [0mpd[0m[0;34m.[0m[0mread_excel[0m[0;34m([0m[0mlink[0m[0;34m,[0m[0msheet_name[0m[0;34m=[0m[0;34m"3_DWD"[0m[0;34m,[0m[0musecols[0m[0;34m=[0m[0;34m[[0m[0;36m1[0m[0;34m,[0m[0;36m19[0m[0;34m][0m[0;34m)[0m [0;31m# einlesen[0m[0;34m[0m[0;34m[0m[0m
[0m[1;32m      3[0m [0mGER_mean[0m[0;34m.[0m[0mcolumns[0m[0;34m=[0m[0;34m[[0m[0;34m"Jahr"[0m[0;34m,[0m[0;34m"Jahresmitteltemperatur [°C]"[0m[0;34m][0m[0;34m[0m[0;34m[0m[0m
[1;32m      4[0m [0mGER_mean[0m[0;34m[0m[0;34m[0m[0m

[0;32m~/opt/anaconda3/lib/python3.9/site-packages/pandas/util/_decorators.py[0m in [0;36mwrapper[0;34m(*args, **kwargs)[0m
[1;32m    309[0m                     [0mstacklevel[0m[0;34m=[0m[0mstacklevel[0m[0;34m,[0m[0;34m[0m[0;34m[0m[0m
[1;32m    310[0m                 )
[0;32m--> 311[0;31m             [0;32mreturn[0m [0mfunc[0m[0;34m([0m[0;34m*[0m[0margs[0m[0;34m,[0m [0;34m**[0m[0mkwargs[0m[0;34m)[0m[0;34m[0m[0;34m[0m[0m
[0m[1;32m    312[0m [0;34m[0m[0m
[1;32m    313[0m         [0;32mreturn[0m [0mwrapper[0m[0;34m[0m[0;34m[0m[0m

[0;32m~/opt/anaconda3/lib/python3.9/site-packages/pandas/io/excel/_base.py[0m in [0;36mread_excel[0;34m(io, sheet_name, header, names, index_col, usecols, squeeze, dtype, engine, converters, true_values, false_values, skiprows, nrows, na_values, keep_default_na, na_filter, verbose, parse_dates, date_parser, thousands, decimal, comment, skipfooter, convert_float, mangle_dupe_cols, storage_options)[0m
[1;32m    455[0m     [0;32mif[0m [0;32mnot[0m [0misinstance[0m[0;34m([0m[0mio[0m[0;34m,[0m [0mExcelFile[0m[0;34m)[0m[0;34m:[0m[0;34m[0m[0;34m[0m[0m
[1;32m    456[0m         [0mshould_close[0m [0;34m=[0m [0;32mTrue[0m[0;34m[0m[0;34m[0m[0m
[0;32m--> 457[0;31m         [0mio[0m [0;34m=[0m [0mExcelFile[0m[0;34m([0m[0mio[0m[0;34m,[0m [0mstorage_options[0m[0;34m=[0m[0mstorage_options[0m[0;34m,[0m [0mengine[0m[0;34m=[0m[0mengine[0m[0;34m)[0m[0;34m[0m[0;34m[0m[0m
[0m[1;32m    458[0m     [0;32melif[0m [0mengine[0m [0;32mand[0m [0mengine[0m [0;34m!=[0m [0mio[0m[0;34m.[0m[0mengine[0m[0;34m:[0m[0;34m[0m[0;34m[0m[0m
[1;32m    459[0m         raise ValueError(

[0;32m~/opt/anaconda3/lib/python3.9/site-packages/pandas/io/excel/_base.py[0m in [0;36m__init__[0;34m(self, path_or_buffer, engine, storage_options)[0m
[1;32m   1374[0m                 [0mext[0m [0;34m=[0m [0;34m"xls"[0m[0;34m[0m[0;34m[0m[0m
[1;32m   1375[0m             [0;32melse[0m[0;34m:[0m[0;34m[0m[0;34m[0m[0m
[0;32m-> 1376[0;31m                 ext = inspect_excel_format(
[0m[1;32m   1377[0m                     [0mcontent_or_path[0m[0;34m=[0m[0mpath_or_buffer[0m[0;34m,[0m [0mstorage_options[0m[0;34m=[0m[0mstorage_options[0m[0;34m[0m[0;34m[0m[0m
[1;32m   1378[0m                 )

[0;32m~/opt/anaconda3/lib/python3.9/site-packages/pandas/io/excel/_base.py[0m in [0;36minspect_excel_format[0;34m(content_or_path, storage_options)[0m
[1;32m   1248[0m         [0mcontent_or_path[0m [0;34m=[0m [0mBytesIO[0m[0;34m([0m[0mcontent_or_path[0m[0;34m)[0m[0;34m[0m[0;34m[0m[0m
[1;32m   1249[0m [0;34m[0m[0m
[0;32m-> 1250[0;31m     with get_handle(
[0m[1;32m   1251[0m         [0mcontent_or_path[0m[0;34m,[0m [0;34m"rb"[0m[0;34m,[0m [0mstorage_options[0m[0;34m=[0m[0mstorage_options[0m[0;34m,[0m [0mis_text[0m[0;34m=[0m[0;32mFalse[0m[0;34m[0m[0;34m[0m[0m
[1;32m   1252[0m     ) as handle:

[0;32m~/opt/anaconda3/lib/python3.9/site-packages/pandas/io/common.py[0m in [0;36mget_handle[0;34m(path_or_buf, mode, encoding, compression, memory_map, is_text, errors, storage_options)[0m
[1;32m    665[0m [0;34m[0m[0m
[1;32m    666[0m     [0;31m# open URLs[0m[0;34m[0m[0;34m[0m[0m
[0;32m--> 667[0;31m     ioargs = _get_filepath_or_buffer(
[0m[1;32m    668[0m         [0mpath_or_buf[0m[0;34m,[0m[0;34m[0m[0;34m[0m[0m
[1;32m    669[0m         [0mencoding[0m[0;34m=[0m[0mencoding[0m[0;34m,[0m[0;34m[0m[0;34m[0m[0m

[0;32m~/opt/anaconda3/lib/python3.9/site-packages/pandas/io/common.py[0m in [0;36m_get_filepath_or_buffer[0;34m(filepath_or_buffer, encoding, compression, mode, storage_options)[0m
[1;32m    334[0m         [0;31m# assuming storage_options is to be interpreted as headers[0m[0;34m[0m[0;34m[0m[0m
[1;32m    335[0m         [0mreq_info[0m [0;34m=[0m [0murllib[0m[0;34m.[0m[0mrequest[0m[0;34m.[0m[0mRequest[0m[0;34m([0m[0mfilepath_or_buffer[0m[0;34m,[0m [0mheaders[0m[0;34m=[0m[0mstorage_options[0m[0;34m)[0m[0;34m[0m[0;34m[0m[0m
[0;32m--> 336[0;31m         [0;32mwith[0m [0murlopen[0m[0;34m([0m[0mreq_info[0m[0;34m)[0m [0;32mas[0m [0mreq[0m[0;34m:[0m[0;34m[0m[0;34m[0m[0m
[0m[1;32m    337[0m             [0mcontent_encoding[0m [0;34m=[0m [0mreq[0m[0;34m.[0m[0mheaders[0m[0;34m.[0m[0mget[0m[0;34m([0m[0;34m"Content-Encoding"[0m[0;34m,[0m [0;32mNone[0m[0;34m)[0m[0;34m[0m[0;34m[0m[0m
[1;32m    338[0m             [0;32mif[0m [0mcontent_encoding[0m [0;34m==[0m [0;34m"gzip"[0m[0;34m:[0m[0;34m[0m[0;34m[0m[0m

[0;32m~/opt/anaconda3/lib/python3.9/site-packages/pandas/io/common.py[0m in [0;36murlopen[0;34m(*args, **kwargs)[0m
[1;32m    234[0m     [0;32mimport[0m [0murllib[0m[0;34m.[0m[0mrequest[0m[0;34m[0m[0;34m[0m[0m
[1;32m    235[0m [0;34m[0m[0m
[0;32m--> 236[0;31m     [0;32mreturn[0m [0murllib[0m[0;34m.[0m[0mrequest[0m[0;34m.[0m[0murlopen[0m[0;34m([0m[0;34m*[0m[0margs[0m[0;34m,[0m [0;34m**[0m[0mkwargs[0m[0;34m)[0m[0;34m[0m[0;34m[0m[0m
[0m[1;32m    237[0m [0;34m[0m[0m
[1;32m    238[0m [0;34m[0m[0m

[0;32m~/opt/anaconda3/lib/python3.9/urllib/request.py[0m in [0;36murlopen[0;34m(url, data, timeout, cafile, capath, cadefault, context)[0m
[1;32m    212[0m     [0;32melse[0m[0;34m:[0m[0;34m[0m[0;34m[0m[0m
[1;32m    213[0m         [0mopener[0m [0;34m=[0m [0m_opener[0m[0;34m[0m[0;34m[0m[0m
[0;32m--> 214[0;31m     [0;32mreturn[0m [0mopener[0m[0;34m.[0m[0mopen[0m[0;34m([0m[0murl[0m[0;34m,[0m [0mdata[0m[0;34m,[0m [0mtimeout[0m[0;34m)[0m[0;34m[0m[0;34m[0m[0m
[0m[1;32m    215[0m [0;34m[0m[0m
[1;32m    216[0m [0;32mdef[0m [0minstall_opener[0m[0;34m([0m[0mopener[0m[0;34m)[0m[0;34m:[0m[0;34m[0m[0;34m[0m[0m

[0;32m~/opt/anaconda3/lib/python3.9/urllib/request.py[0m in [0;36mopen[0;34m(self, fullurl, data, timeout)[0m
[1;32m    521[0m         [0;32mfor[0m [0mprocessor[0m [0;32min[0m [0mself[0m[0;34m.[0m[0mprocess_response[0m[0;34m.[0m[0mget[0m[0;34m([0m[0mprotocol[0m[0;34m,[0m [0;34m[[0m[0;34m][0m[0;34m)[0m[0;34m:[0m[0;34m[0m[0;34m[0m[0m
[1;32m    522[0m             [0mmeth[0m [0;34m=[0m [0mgetattr[0m[0;34m([0m[0mprocessor[0m[0;34m,[0m [0mmeth_name[0m[0;34m)[0m[0;34m[0m[0;34m[0m[0m
[0;32m--> 523[0;31m             [0mresponse[0m [0;34m=[0m [0mmeth[0m[0;34m([0m[0mreq[0m[0;34m,[0m [0mresponse[0m[0;34m)[0m[0;34m[0m[0;34m[0m[0m
[0m[1;32m    524[0m [0;34m[0m[0m
[1;32m    525[0m         [0;32mreturn[0m [0mresponse[0m[0;34m[0m[0;34m[0m[0m

[0;32m~/opt/anaconda3/lib/python3.9/urllib/request.py[0m in [0;36mhttp_response[0;34m(self, request, response)[0m
[1;32m    630[0m         [0;31m# request was successfully received, understood, and accepted.[0m[0;34m[0m[0;34m[0m[0m
[1;32m    631[0m         [0;32mif[0m [0;32mnot[0m [0;34m([0m[0;36m200[0m [0;34m<=[0m [0mcode[0m [0;34m<[0m [0;36m300[0m[0;34m)[0m[0;34m:[0m[0;34m[0m[0;34m[0m[0m
[0;32m--> 632[0;31m             response = self.parent.error(
[0m[1;32m    633[0m                 'http', request, response, code, msg, hdrs)
[1;32m    634[0m [0;34m[0m[0m

[0;32m~/opt/anaconda3/lib/python3.9/urllib/request.py[0m in [0;36merror[0;34m(self, proto, *args)[0m
[1;32m    559[0m         [0;32mif[0m [0mhttp_err[0m[0;34m:[0m[0;34m[0m[0;34m[0m[0m
[1;32m    560[0m             [0margs[0m [0;34m=[0m [0;34m([0m[0mdict[0m[0;34m,[0m [0;34m'default'[0m[0;34m,[0m [0;34m'http_error_default'[0m[0;34m)[0m [0;34m+[0m [0morig_args[0m[0;34m[0m[0;34m[0m[0m
[0;32m--> 561[0;31m             [0;32mreturn[0m [0mself[0m[0;34m.[0m[0m_call_chain[0m[0;34m([0m[0;34m*[0m[0margs[0m[0;34m)[0m[0;34m[0m[0;34m[0m[0m
[0m[1;32m    562[0m [0;34m[0m[0m
[1;32m    563[0m [0;31m# XXX probably also want an abstract factory that knows when it makes[0m[0;34m[0m[0;34m[0m[0m

[0;32m~/opt/anaconda3/lib/python3.9/urllib/request.py[0m in [0;36m_call_chain[0;34m(self, chain, kind, meth_name, *args)[0m
[1;32m    492[0m         [0;32mfor[0m [0mhandler[0m [0;32min[0m [0mhandlers[0m[0;34m:[0m[0;34m[0m[0;34m[0m[0m
[1;32m    493[0m             [0mfunc[0m [0;34m=[0m [0mgetattr[0m[0;34m([0m[0mhandler[0m[0;34m,[0m [0mmeth_name[0m[0;34m)[0m[0;34m[0m[0;34m[0m[0m
[0;32m--> 494[0;31m             [0mresult[0m [0;34m=[0m [0mfunc[0m[0;34m([0m[0;34m*[0m[0margs[0m[0;34m)[0m[0;34m[0m[0;34m[0m[0m
[0m[1;32m    495[0m             [0;32mif[0m [0mresult[0m [0;32mis[0m [0;32mnot[0m [0;32mNone[0m[0;34m:[0m[0;34m[0m[0;34m[0m[0m
[1;32m    496[0m                 [0;32mreturn[0m [0mresult[0m[0;34m[0m[0;34m[0m[0m

[0;32m~/opt/anaconda3/lib/python3.9/urllib/request.py[0m in [0;36mhttp_error_default[0;34m(self, req, fp, code, msg, hdrs)[0m
[1;32m    639[0m [0;32mclass[0m [0mHTTPDefaultErrorHandler[0m[0;34m([0m[0mBaseHandler[0m[0;34m)[0m[0;34m:[0m[0;34m[0m[0;34m[0m[0m
[1;32m    640[0m     [0;32mdef[0m [0mhttp_error_default[0m[0;34m([0m[0mself[0m[0;34m,[0m [0mreq[0m[0;34m,[0m [0mfp[0m[0;34m,[0m [0mcode[0m[0;34m,[0m [0mmsg[0m[0;34m,[0m [0mhdrs[0m[0;34m)[0m[0;34m:[0m[0;34m[0m[0;34m[0m[0m
[0;32m--> 641[0;31m         [0;32mraise[0m [0mHTTPError[0m[0;34m([0m[0mreq[0m[0;34m.[0m[0mfull_url[0m[0;34m,[0m [0mcode[0m[0;34m,[0m [0mmsg[0m[0;34m,[0m [0mhdrs[0m[0;34m,[0m [0mfp[0m[0;34m)[0m[0;34m[0m[0;34m[0m[0m
[0m[1;32m    642[0m [0;34m[0m[0m
[1;32m    643[0m [0;32mclass[0m [0mHTTPRedirectHandler[0m[0;34m([0m[0mBaseHandler[0m[0;34m)[0m[0;34m:[0m[0;34m[0m[0;34m[0m[0m

[0;31mHTTPError[0m: HTTP Error 404: Not Found
HTTPError: HTTP Error 404: Not Found

