Traceback (most recent call last):
  File "/Users/KSIsleif/opt/anaconda3/lib/python3.9/site-packages/jupyter_cache/executors/utils.py", line 51, in single_nb_execution
    executenb(
  File "/Users/KSIsleif/opt/anaconda3/lib/python3.9/site-packages/nbclient/client.py", line 1204, in execute
    return NotebookClient(nb=nb, resources=resources, km=km, **kwargs).execute()
  File "/Users/KSIsleif/opt/anaconda3/lib/python3.9/site-packages/nbclient/util.py", line 84, in wrapped
    return just_run(coro(*args, **kwargs))
  File "/Users/KSIsleif/opt/anaconda3/lib/python3.9/site-packages/nbclient/util.py", line 62, in just_run
    return loop.run_until_complete(coro)
  File "/Users/KSIsleif/opt/anaconda3/lib/python3.9/asyncio/base_events.py", line 647, in run_until_complete
    return future.result()
  File "/Users/KSIsleif/opt/anaconda3/lib/python3.9/site-packages/nbclient/client.py", line 663, in async_execute
    await self.async_execute_cell(
  File "/Users/KSIsleif/opt/anaconda3/lib/python3.9/site-packages/nbclient/client.py", line 965, in async_execute_cell
    await self._check_raise_for_error(cell, cell_index, exec_reply)
  File "/Users/KSIsleif/opt/anaconda3/lib/python3.9/site-packages/nbclient/client.py", line 862, in _check_raise_for_error
    raise CellExecutionError.from_cell_and_msg(cell, exec_reply_content)
nbclient.exceptions.CellExecutionError: An error occurred while executing the following cell:
------------------
from myst_nb import glue

# MatplotLib Settings:
plt.style.use('default') # Matplotlib Style wählen
plt.figure(figsize=(10,5)) # Plot-Größe
plt.rcParams['font.size'] = 10; # Schriftgröße

link = 'data/graph.csv' # Beispieldatei mit Klimadaten
global_mean = pd.read_csv(link, header = 1) # Daten einlesen
global_mean["uncertainty"] = 0.25 #Messunsicherheiten abschätzen, hier 0.25K Temperaturgenauigkeit angenommen

# Lineare Regression berechnen:
x=global_mean.loc[global_mean["Year"] >= 1980,"Year"]
y=global_mean.loc[global_mean["Year"] >= 1980,"No_Smoothing"]
y_err = global_mean.loc[global_mean["Year"] >= 1980,"uncertainty"]
model = np.polyfit(x, y, deg=1, w=1/y_err, cov=True) # 1. Wert = Anstieg , 2. Wert = Schnittpunkt mit y-Achse
y_model = model[0][0]*x+model[0][1] # Modell einer linearen Regression

# print(global_mean) # Eingelesene Daten ausgeben
plt.errorbar(global_mean["Year"],global_mean["No_Smoothing"], yerr=global_mean["uncertainty"], ls="-", lw=1, marker="s", ms=3, color="tab:gray", alpha=0.5, label="Werte");
plt.plot(global_mean["Year"],global_mean["Lowess(5)"], lw=3,  color="tab:blue", label="Glättung (NASA)");
plt.plot(x,y_model, ls="-", lw=3, color="tab:red", label=f"lineare Regression y=({model[0][0]*1000:.3f}+-{np.sqrt(model[1][0][0]*1000):.3f})1e-3*x+({model[0][1]:.3f}+-{np.sqrt(model[1][1][1]):.3f})");
plt.xlabel('Jahr')
plt.ylabel("Jahresmitteltemperaturabweichung [°C]")
plt.legend();
plt.grid();

# Temperaturanstieg ausgeben:
print(f"Temperaturanstieg pro Jahr (von 1980 bis 2020): {model[0][0]:.3f}°C/Jahr")
glue("glued_klimadaten_fig", fig, display=False)
------------------

[0;31m---------------------------------------------------------------------------[0m
[0;31mNameError[0m                                 Traceback (most recent call last)
Cell [0;32mIn[2], line 30[0m
[1;32m     28[0m [38;5;66;03m# Temperaturanstieg ausgeben:[39;00m
[1;32m     29[0m [38;5;28mprint[39m([38;5;124mf[39m[38;5;124m"[39m[38;5;124mTemperaturanstieg pro Jahr (von 1980 bis 2020): [39m[38;5;132;01m{[39;00mmodel[[38;5;241m0[39m][[38;5;241m0[39m][38;5;132;01m:[39;00m[38;5;124m.3f[39m[38;5;132;01m}[39;00m[38;5;124m°C/Jahr[39m[38;5;124m"[39m)
[0;32m---> 30[0m glue([38;5;124m"[39m[38;5;124mglued_klimadaten_fig[39m[38;5;124m"[39m, [43mfig[49m, display[38;5;241m=[39m[38;5;28;01mFalse[39;00m)

[0;31mNameError[0m: name 'fig' is not defined
NameError: name 'fig' is not defined

