Traceback (most recent call last):
  File "/Users/KSIsleif/opt/anaconda3/lib/python3.9/site-packages/jupyter_cache/executors/utils.py", line 51, in single_nb_execution
    executenb(
  File "/Users/KSIsleif/opt/anaconda3/lib/python3.9/site-packages/nbclient/client.py", line 1204, in execute
    return NotebookClient(nb=nb, resources=resources, km=km, **kwargs).execute()
  File "/Users/KSIsleif/opt/anaconda3/lib/python3.9/site-packages/nbclient/util.py", line 84, in wrapped
    return just_run(coro(*args, **kwargs))
  File "/Users/KSIsleif/opt/anaconda3/lib/python3.9/site-packages/nbclient/util.py", line 62, in just_run
    return loop.run_until_complete(coro)
  File "/Users/KSIsleif/opt/anaconda3/lib/python3.9/asyncio/base_events.py", line 647, in run_until_complete
    return future.result()
  File "/Users/KSIsleif/opt/anaconda3/lib/python3.9/site-packages/nbclient/client.py", line 663, in async_execute
    await self.async_execute_cell(
  File "/Users/KSIsleif/opt/anaconda3/lib/python3.9/site-packages/nbclient/client.py", line 965, in async_execute_cell
    await self._check_raise_for_error(cell, cell_index, exec_reply)
  File "/Users/KSIsleif/opt/anaconda3/lib/python3.9/site-packages/nbclient/client.py", line 862, in _check_raise_for_error
    raise CellExecutionError.from_cell_and_msg(cell, exec_reply_content)
nbclient.exceptions.CellExecutionError: An error occurred while executing the following cell:
------------------
### Dirac-Delta-Impuls

Wir können den klassischen Rechteckpuls nun anpassen. Die Höhe beträgt statt 1 nun $1/2\tau$:

$$h(t) = \left\{\begin{array}{cl} 1/2\tau &\textrm{für}\,\,\left| t \right|\leq \tau = T/2\\  0&\textrm{für}\,\, \left| t \right| > \tau = T/2 \end{array}\right.
$$

wodurch die Fläche unter dem *Quadrat* nun 1 wird.
Für die Fourier-Transformierte gilt:

$$
\begin{align}
H(\omega) &= \frac{2}{2\tau} \frac{\sin{\omega \tau}}{\omega} = \frac{\sin{\omega \tau}}{\omega \tau}\\
\lim_{\tau \rightarrow 0}  H(\omega) &= \lim_{\tau \rightarrow 0} \frac{\sin{\omega \tau}}{\omega \tau}\ = 1
\end{align}
$$

Der Grenzwert, $\tau \rightarrow 0$ führt direkt zu der Definition des **Dirac-Delta-Impuls**:

$$\delta(t) = \left\{\begin{array}{cl} \infty &\textrm{für}\,\, t = 0\\  0&\textrm{für}\,\, t  \neq 0 \end{array}\right.
$$

Dirac-Delta-Impuls hat folgende Eigenschaften:

* Das Integral ist 1: $\int_{-\infty}^{\infty} \delta(t) dt = 1$
* Die Fourier-Transformierte ist: $\int_{-\infty}^{\infty} \delta(t) \mathrm e^{-j \omega t} dt = 1$
* Mit $g(\tau) = \mathrm e^{-j \omega t}$ kann der Delta-Impuls wiefolgt definiert werden: $\int_{\infty}^{\infty} \delta(0-\tau)g(\tau) d\tau = g(0)$
------------------

[0;36m  File [0;32m"/var/folders/6d/574ptfzx6v9_j7pylzkngrkm0000gp/T/ipykernel_40134/4161393836.py"[0;36m, line [0;32m3[0m
[0;31m    Wir können den klassischen Rechteckpuls nun anpassen. Die Höhe beträgt statt 1 nun $1/2\tau$:[0m
[0m        ^[0m
[0;31mSyntaxError[0m[0;31m:[0m invalid syntax

SyntaxError: invalid syntax (4161393836.py, line 3)

