\BOOKMARK [-1][-]{part.1}{I\040Vorlesungsskript}{}% 1
\BOOKMARK [0][-]{chapter.1}{Messtechnik}{part.1}% 2
\BOOKMARK [1][-]{section.1.1}{Zusammenfassung}{chapter.1}% 3
\BOOKMARK [1][-]{section.1.2}{Messen\040und\040Einheiten}{chapter.1}% 4
\BOOKMARK [2][-]{subsection.1.2.1}{Wissenschaft\040des\040Messens}{section.1.2}% 5
\BOOKMARK [2][-]{subsection.1.2.2}{Maßeinheiten}{section.1.2}% 6
\BOOKMARK [3][-]{subsubsection*.3}{SI-Einheiten}{subsection.1.2.2}% 7
\BOOKMARK [3][-]{subsubsection*.4}{Abgeleitete / Ergänzende SI-Einheiten}{subsection.1.2.2}% 8
\BOOKMARK [3][-]{subsubsection*.5}{Nicht-SI-Einheiten}{subsection.1.2.2}% 9
\BOOKMARK [3][-]{subsubsection*.6}{Vorsätze und Präfix im SI}{subsection.1.2.2}% 10
\BOOKMARK [3][-]{subsubsection*.7}{Logarithmische\040Einheiten}{subsection.1.2.2}% 11
\BOOKMARK [2][-]{subsection.1.2.3}{Kalibrieren und Eichen \(und Prüfen\)}{section.1.2}% 12
\BOOKMARK [3][-]{subsubsection*.8}{Kalibrieren\040und\040Eichen}{subsection.1.2.3}% 13
\BOOKMARK [3][-]{subsubsection*.9}{Normale}{subsection.1.2.3}% 14
\BOOKMARK [0][-]{chapter.2}{Messabweichung}{part.1}% 15
\BOOKMARK [1][-]{section.2.1}{Zusammenfassung}{chapter.2}% 16
\BOOKMARK [1][-]{section.2.2}{Quellen\040und\040Ursachen\040von\040Messunsicherheiten}{chapter.2}% 17
\BOOKMARK [2][-]{subsection.2.2.1}{Quellen\040und\040Ursachen}{section.2.2}% 18
\BOOKMARK [2][-]{subsection.2.2.2}{Typ A-Unsicherheiten \(“Zufällige Fehler”\)}{section.2.2}% 19
\BOOKMARK [2][-]{subsection.2.2.3}{Typ B-Unsicherheiten \(“Systematische Fehler”\)}{section.2.2}% 20
\BOOKMARK [3][-]{subsubsection*.10}{Anzeigefehler von Messgeräten}{subsection.2.2.3}% 21
\BOOKMARK [3][-]{subsubsection*.11}{Digitalstellenfehler}{subsection.2.2.3}% 22
\BOOKMARK [3][-]{subsubsection*.12}{Systematische\040Abweichung\040aufgrund\040von\040Verbindungskabel}{subsection.2.2.3}% 23
\BOOKMARK [2][-]{subsection.2.2.4}{Schreibweise\040eines\040Messwertes\040mit\040Messabweichung}{section.2.2}% 24
\BOOKMARK [3][-]{subsubsection*.13}{Signifikante\040Stellen}{subsection.2.2.4}% 25
\BOOKMARK [3][-]{subsubsection*.14}{Grafische\040Darstellung\040eines\040Messwertes\040mit\040Messabweichung}{subsection.2.2.4}% 26
\BOOKMARK [3][-]{subsubsection*.15}{Diskrepanz\040und\040Konsistenz}{subsection.2.2.4}% 27
\BOOKMARK [1][-]{section.2.3}{Statistische\040Messunsicherheit}{chapter.2}% 28
\BOOKMARK [2][-]{subsection.2.3.1}{Häufigkeitsdichte}{section.2.3}% 29
\BOOKMARK [2][-]{subsection.2.3.2}{Zentraler\040Grenzwertsatz}{section.2.3}% 30
\BOOKMARK [2][-]{subsection.2.3.3}{Statistische Größen}{section.2.3}% 31
\BOOKMARK [2][-]{subsection.2.3.4}{Statistische Größen bei Messreihen}{section.2.3}% 32
\BOOKMARK [2][-]{subsection.2.3.5}{Messunsicherheit\040des\040Mittelwertes}{section.2.3}% 33
\BOOKMARK [2][-]{subsection.2.3.6}{Vertrauensintervalle}{section.2.3}% 34
\BOOKMARK [2][-]{subsection.2.3.7}{Korrektur\040bei\040kleinen\040Stichproben:\040Student-t}{section.2.3}% 35
\BOOKMARK [2][-]{subsection.2.3.8}{Normierte\040Normalverteilung}{section.2.3}% 36
\BOOKMARK [3][-]{subsubsection*.16}{Wahrscheinlichkeit für das Zutreffen eines Ereignisses mittels Gauß-Test}{subsection.2.3.8}% 37
\BOOKMARK [2][-]{subsection.2.3.9}{Zusammenfassung zufälliger Unsicherheiten}{section.2.3}% 38
\BOOKMARK [1][-]{section.2.4}{Fortpflanzung\040von\040Messunsicherheiten}{chapter.2}% 39
\BOOKMARK [2][-]{subsection.2.4.1}{Herleitung:\040Taylorentwicklung}{section.2.4}% 40
\BOOKMARK [2][-]{subsection.2.4.2}{Vorzeichen\040bekannt\040\(systematische\040Abweichungen\)}{section.2.4}% 41
\BOOKMARK [2][-]{subsection.2.4.3}{Vorzeichen unbekannt \(systematische unabhängige Abweichungen\) }{section.2.4}% 42
\BOOKMARK [2][-]{subsection.2.4.4}{Zufällige, unabhängigen Variablen }{section.2.4}% 43
\BOOKMARK [2][-]{subsection.2.4.5}{Zufällige, abhängige \(korrelierte\) Variablen }{section.2.4}% 44
\BOOKMARK [3][-]{subsubsection*.17}{Korrelation\040und\040Kovarianz-Matrix\040}{subsection.2.4.5}% 45
\BOOKMARK [3][-]{subsubsection*.18}{Fehlerfortpflanzung}{subsection.2.4.5}% 46
\BOOKMARK [0][-]{chapter.3}{Kurvenanpassung}{part.1}% 47
\BOOKMARK [1][-]{section.3.1}{Zusammenfassung}{chapter.3}% 48
\BOOKMARK [1][-]{section.3.2}{Interpolation\040vs.\040Anpassung}{chapter.3}% 49
\BOOKMARK [2][-]{subsection.3.2.1}{Was\040benutzt\040man\040wann\040und\040warum?}{section.3.2}% 50
\BOOKMARK [1][-]{section.3.3}{Anpassung\040und\040lineare\040Regression}{chapter.3}% 51
\BOOKMARK [2][-]{subsection.3.3.1}{Modellanpassung\040}{section.3.3}% 52
\BOOKMARK [3][-]{subsubsection*.19}{Least-Squares:\040Methode\040der\040kleinsten\040Quadrate\040}{subsection.3.3.1}% 53
\BOOKMARK [3][-]{subsubsection*.20}{Bestimmtheitsmaß }{subsection.3.3.1}% 54
\BOOKMARK [3][-]{subsubsection*.21}{Berücksichtigung von Unsicherheiten }{subsection.3.3.1}% 55
\BOOKMARK [2][-]{subsection.3.3.2}{Lineare\040Modellanpassung\040}{section.3.3}% 56
\BOOKMARK [3][-]{subsubsection*.22}{Korrelationskoeffizient\040}{subsection.3.3.2}% 57
\BOOKMARK [0][-]{chapter.4}{Stationäre Messsysteme}{part.1}% 58
\BOOKMARK [1][-]{section.4.1}{Zusammenfassung}{chapter.4}% 59
\BOOKMARK [1][-]{section.4.2}{Grundstruktur\040eines\040Messsystems}{chapter.4}% 60
\BOOKMARK [1][-]{section.4.3}{Ideale\040Kennlinie}{chapter.4}% 61
\BOOKMARK [2][-]{subsection.4.3.1}{Statische Kenngrößen}{section.4.3}% 62
\BOOKMARK [2][-]{subsection.4.3.2}{Empfindlichkeit}{section.4.3}% 63
\BOOKMARK [2][-]{subsection.4.3.3}{Beispiele}{section.4.3}% 64
\BOOKMARK [3][-]{subsubsection*.23}{Kennlinie\040von\040Widerstandsthermometern}{subsection.4.3.3}% 65
\BOOKMARK [3][-]{subsubsection*.24}{Wunder\040an\040Empfindlichkeit}{subsection.4.3.3}% 66
\BOOKMARK [1][-]{section.4.4}{Reale\040Kennlinie}{chapter.4}% 67
\BOOKMARK [2][-]{subsection.4.4.1}{Kennlinienkorrektur}{section.4.4}% 68
\BOOKMARK [3][-]{subsubsection*.25}{Nullpunktkorrektur}{subsection.4.4.1}% 69
\BOOKMARK [3][-]{subsubsection*.26}{Toleranzbandjustierung}{subsection.4.4.1}% 70
\BOOKMARK [3][-]{subsubsection*.27}{Steigungskorrektur}{subsection.4.4.1}% 71
\BOOKMARK [2][-]{subsection.4.4.2}{Kennlinienfehler}{section.4.4}% 72
\BOOKMARK [3][-]{subsubsection*.28}{Nullpunktabweichung}{subsection.4.4.2}% 73
\BOOKMARK [3][-]{subsubsection*.29}{Steigungssbweichung}{subsection.4.4.2}% 74
\BOOKMARK [3][-]{subsubsection*.30}{Nichtlineatität}{subsection.4.4.2}% 75
\BOOKMARK [3][-]{subsubsection*.31}{Hysterese}{subsection.4.4.2}% 76
\BOOKMARK [2][-]{subsection.4.4.3}{Gesamtkennlinie}{section.4.4}% 77
\BOOKMARK [3][-]{subsubsection*.32}{Messketten-Empfindlichkeit und Auflösung}{subsection.4.4.3}% 78
\BOOKMARK [3][-]{subsubsection*.33}{Herabsetzen\040des\040Messbereichs}{subsection.4.4.3}% 79
\BOOKMARK [0][-]{chapter.5}{Messsignale}{part.1}% 80
\BOOKMARK [1][-]{section.5.1}{Zusammenfassung}{chapter.5}% 81
\BOOKMARK [1][-]{section.5.2}{Grundlagen}{chapter.5}% 82
\BOOKMARK [2][-]{subsection.5.2.1}{Wandlung von physikalischen Größen }{section.5.2}% 83
\BOOKMARK [2][-]{subsection.5.2.2}{Elektromagnetische Wellen als Informationsträger}{section.5.2}% 84
\BOOKMARK [2][-]{subsection.5.2.3}{Klassifizierung\040von\040Messsignalen\040}{section.5.2}% 85
\BOOKMARK [1][-]{section.5.3}{Kenngrößen}{chapter.5}% 86
\BOOKMARK [2][-]{subsection.5.3.1}{Scheitelfaktor\040/\040Amplitude}{section.5.3}% 87
\BOOKMARK [2][-]{subsection.5.3.2}{Gleichanteil}{section.5.3}% 88
\BOOKMARK [2][-]{subsection.5.3.3}{Gleichrichtwert}{section.5.3}% 89
\BOOKMARK [2][-]{subsection.5.3.4}{Effektivwert}{section.5.3}% 90
\BOOKMARK [2][-]{subsection.5.3.5}{Scheitelfaktor\040und\040Formfaktor}{section.5.3}% 91
\BOOKMARK [2][-]{subsection.5.3.6}{Kenngrößen bei der Digitalisierung}{section.5.3}% 92
\BOOKMARK [2][-]{subsection.5.3.7}{Beispiele}{section.5.3}% 93
\BOOKMARK [3][-]{subsubsection*.34}{Sinussignal\040mit\040und\040ohne\040Gleichanteil}{subsection.5.3.7}% 94
\BOOKMARK [3][-]{subsubsection*.35}{Pulsweitenmodulation}{subsection.5.3.7}% 95
\BOOKMARK [1][-]{section.5.4}{Modulation\040von\040Messsignalen\040}{chapter.5}% 96
\BOOKMARK [2][-]{subsection.5.4.1}{Träger- und Nutzsignale}{section.5.4}% 97
\BOOKMARK [2][-]{subsection.5.4.2}{Amplitudenmodulation}{section.5.4}% 98
\BOOKMARK [3][-]{subsubsection*.36}{Demodulation}{subsection.5.4.2}% 99
\BOOKMARK [2][-]{subsection.5.4.3}{Phasenmodulation}{section.5.4}% 100
\BOOKMARK [2][-]{subsection.5.4.4}{Frequenzmodulation}{section.5.4}% 101
\BOOKMARK [2][-]{subsection.5.4.5}{Vergleich\040zwischen\040PM\040und\040FM}{section.5.4}% 102
\BOOKMARK [2][-]{subsection.5.4.6}{Puls-Modulation}{section.5.4}% 103
\BOOKMARK [1][-]{section.5.5}{Fourier-Analyse}{chapter.5}% 104
\BOOKMARK [2][-]{subsection.5.5.1}{Fourierreihen}{section.5.5}% 105
\BOOKMARK [3][-]{subsubsection*.37}{Reelle\040Fourierreihe}{subsection.5.5.1}% 106
\BOOKMARK [3][-]{subsubsection*.38}{Komplexe\040Fourierreihe}{subsection.5.5.1}% 107
\BOOKMARK [3][-]{subsubsection*.39}{Umrechnung\040zwischen\040reellen\040und\040komplexen\040Fourier-Koeffizienten}{subsection.5.5.1}% 108
\BOOKMARK [2][-]{subsection.5.5.2}{Fourier-Transformation}{section.5.5}% 109
\BOOKMARK [3][-]{subsubsection*.40}{Anwendung}{subsection.5.5.2}% 110
\BOOKMARK [3][-]{subsubsection*.41}{Zeit-\040vs.\040Frequenzbereich}{subsection.5.5.2}% 111
\BOOKMARK [3][-]{subsubsection*.42}{Typen\040von\040Fourier-Transformationen}{subsection.5.5.2}% 112
\BOOKMARK [3][-]{subsubsection*.43}{Eigenschaften}{subsection.5.5.2}% 113
\BOOKMARK [2][-]{subsection.5.5.3}{Fourier-Transformation\040eines\040Rechteckpulses}{section.5.5}% 114
\BOOKMARK [2][-]{subsection.5.5.4}{Fourier-Transformierte\040von\040Messsignalen}{section.5.5}% 115
\BOOKMARK [2][-]{subsection.5.5.5}{Vergleich\040der\040Varianten\040von\040Fourier-Analysen}{section.5.5}% 116
\BOOKMARK [2][-]{subsection.5.5.6}{Referenztabellen für die Laplace-Transformation}{section.5.5}% 117
\BOOKMARK [1][-]{section.5.6}{Digitalisierung}{chapter.5}% 118
\BOOKMARK [2][-]{subsection.5.6.1}{Kennlinie}{section.5.6}% 119
\BOOKMARK [2][-]{subsection.5.6.2}{Auflösung}{section.5.6}% 120
\BOOKMARK [2][-]{subsection.5.6.3}{Quantisierungsabweichung}{section.5.6}% 121
\BOOKMARK [2][-]{subsection.5.6.4}{Nyquist-Shannon-Abtasttheorem}{section.5.6}% 122
\BOOKMARK [2][-]{subsection.5.6.5}{Aliasing}{section.5.6}% 123
\BOOKMARK [3][-]{subsubsection*.44}{Anti-Aliasing-Filter}{subsection.5.6.5}% 124
\BOOKMARK [2][-]{subsection.5.6.6}{Vorteile}{section.5.6}% 125
\BOOKMARK [0][-]{chapter.6}{Dynamische\040Messsysteme}{part.1}% 126
\BOOKMARK [1][-]{section.6.1}{Zusammenfassung}{chapter.6}% 127
\BOOKMARK [1][-]{section.6.2}{Linear\040zeitinvariante\040\(LZI/LTI\)\040Systeme}{chapter.6}% 128
\BOOKMARK [2][-]{subsection.6.2.1}{Eigenschaften}{section.6.2}% 129
\BOOKMARK [2][-]{subsection.6.2.2}{System-Identifizierung}{section.6.2}% 130
\BOOKMARK [1][-]{section.6.3}{Systeme\040chatakterisieren\040im\040Zeitraum}{chapter.6}% 131
\BOOKMARK [2][-]{subsection.6.3.1}{Differentialgleichung\040aufstellen}{section.6.3}% 132
\BOOKMARK [2][-]{subsection.6.3.2}{Lösung der DGL für Sprunganregung im Zeitbereich}{section.6.3}% 133
\BOOKMARK [3][-]{subsubsection*.45}{Eigenschaften\040von\040Sprung-\040und\040Impulsantwort}{subsection.6.3.2}% 134
\BOOKMARK [2][-]{subsection.6.3.3}{Lösung der DGL für Sprunganregung im Frequenzbereich}{section.6.3}% 135
\BOOKMARK [2][-]{subsection.6.3.4}{Weitere\040Testfunktionen}{section.6.3}% 136
\BOOKMARK [1][-]{section.6.4}{Übertragungsfunktion}{chapter.6}% 137
\BOOKMARK [2][-]{subsection.6.4.1}{Herleitung der Übertragungsfunktion}{section.6.4}% 138
\BOOKMARK [3][-]{subsubsection*.46}{Mittels\040Differentialgleichung}{subsection.6.4.1}% 139
\BOOKMARK [3][-]{subsubsection*.47}{Mittels komplexen Widerständen}{subsection.6.4.1}% 140
\BOOKMARK [2][-]{subsection.6.4.2}{Darstellung:\040Bode\040Diagramm}{section.6.4}% 141
\BOOKMARK [2][-]{subsection.6.4.3}{Verhalten\040von\040Systemen\0402.\040Ordnung}{section.6.4}% 142
\BOOKMARK [3][-]{subsubsection*.48}{Dynamische\040Fehler}{subsection.6.4.3}% 143
\BOOKMARK [2][-]{subsection.6.4.4}{Sammlung\040von\040Bode-Diagrammen\040und\040Sprungantworten}{section.6.4}% 144
\BOOKMARK [2][-]{subsection.6.4.5}{Simulation\040von\040Testfunktionen\040an\040einem\040Tiefpass}{section.6.4}% 145
\BOOKMARK [2][-]{subsection.6.4.6}{Referenztabellen für die Laplace-Transformation}{section.6.4}% 146
\BOOKMARK [1][-]{section.6.5}{Faltung}{chapter.6}% 147
\BOOKMARK [2][-]{subsection.6.5.1}{Impulsantwort\040und\040Faltung\040im\040Zeitraum}{section.6.5}% 148
\BOOKMARK [2][-]{subsection.6.5.2}{Faltung\040vs.\040Korrelation\040vs.\040Autokorrelation}{section.6.5}% 149
\BOOKMARK [2][-]{subsection.6.5.3}{Kombination von Übertragungsfunktionen: Faltung im Frequenzraum}{section.6.5}% 150
\BOOKMARK [2][-]{subsection.6.5.4}{Zusammenfassung}{section.6.5}% 151
\BOOKMARK [1][-]{section.6.6}{Rauschen\040und\040spektrale\040Dichte}{chapter.6}% 152
\BOOKMARK [2][-]{subsection.6.6.1}{Gauß’sches Rauschen}{section.6.6}% 153
\BOOKMARK [3][-]{subsubsection*.49}{Zeitbereich}{subsection.6.6.1}% 154
\BOOKMARK [3][-]{subsubsection*.50}{Rauschleistung}{subsection.6.6.1}% 155
\BOOKMARK [2][-]{subsection.6.6.2}{Spektrale\040Leistungsdichte\040\(PSD\)}{section.6.6}% 156
\BOOKMARK [3][-]{subsubsection*.51}{Definition}{subsection.6.6.2}% 157
\BOOKMARK [2][-]{subsection.6.6.3}{Signal-Rausch-Verhältnis}{section.6.6}% 158
\BOOKMARK [3][-]{subsubsection*.52}{Definition}{subsection.6.6.3}% 159
\BOOKMARK [3][-]{subsubsection*.53}{Träger-Rausch-Verhältnis}{subsection.6.6.3}% 160
\BOOKMARK [2][-]{subsection.6.6.4}{Welch’s Methode}{section.6.6}% 161
\BOOKMARK [0][-]{chapter.7}{Messen elektrischer Größen}{part.1}% 162
\BOOKMARK [1][-]{section.7.1}{Zusammenfassung}{chapter.7}% 163
\BOOKMARK [1][-]{section.7.2}{Spannungsmesseingang}{chapter.7}% 164
\BOOKMARK [2][-]{subsection.7.2.1}{Gleichspannungsmessung}{section.7.2}% 165
\BOOKMARK [2][-]{subsection.7.2.2}{Wechselspannungsmessung}{section.7.2}% 166
\BOOKMARK [2][-]{subsection.7.2.3}{Innerer Aufbau und zu berücksichtigende Messabweichungen}{section.7.2}% 167
\BOOKMARK [2][-]{subsection.7.2.4}{Messung\040des\040Gleichrichtswerts}{section.7.2}% 168
\BOOKMARK [3][-]{subsubsection*.54}{Funktionsweise\040einer\040Diode}{subsection.7.2.4}% 169
\BOOKMARK [3][-]{subsubsection*.55}{Schwellspannung}{subsection.7.2.4}% 170
\BOOKMARK [3][-]{subsubsection*.56}{Dioden-Brückenschaltung}{subsection.7.2.4}% 171
\BOOKMARK [2][-]{subsection.7.2.5}{Glättung}{section.7.2}% 172
\BOOKMARK [1][-]{section.7.3}{Strommesseingang}{chapter.7}% 173
\BOOKMARK [2][-]{subsection.7.3.1}{Messabweichung}{section.7.3}% 174
\BOOKMARK [2][-]{subsection.7.3.2}{Innerer\040Aufbau}{section.7.3}% 175
\BOOKMARK [3][-]{subsubsection*.57}{Shunt-Widerstand}{subsection.7.3.2}% 176
\BOOKMARK [3][-]{subsubsection*.58}{Strom-Spannungs-Messumformer}{subsection.7.3.2}% 177
\BOOKMARK [3][-]{subsubsection*.59}{Drehspulmesswerk}{subsection.7.3.2}% 178
\BOOKMARK [3][-]{subsubsection*.60}{Dreheisenmesswerk}{subsection.7.3.2}% 179
\BOOKMARK [3][-]{subsubsection*.61}{Stromzange}{subsection.7.3.2}% 180
\BOOKMARK [4][-]{paragraph*.62}{Wechselstrom-Zangenstrommesser}{subsubsection*.61}% 181
\BOOKMARK [4][-]{paragraph*.63}{Allstrom-Messer}{subsubsection*.61}% 182
\BOOKMARK [1][-]{section.7.4}{Operationsverstärker \(OP\)}{chapter.7}% 183
\BOOKMARK [2][-]{subsection.7.4.1}{Eigenschaften}{section.7.4}% 184
\BOOKMARK [2][-]{subsection.7.4.2}{Elektrometerverstärker}{section.7.4}% 185
\BOOKMARK [2][-]{subsection.7.4.3}{Impedanzverstärker}{section.7.4}% 186
\BOOKMARK [2][-]{subsection.7.4.4}{Strom-Spannungs-Wandler/Verstärker}{section.7.4}% 187
\BOOKMARK [2][-]{subsection.7.4.5}{Weitere\040Beispiele}{section.7.4}% 188
\BOOKMARK [1][-]{section.7.5}{Leistungsmessung}{chapter.7}% 189
\BOOKMARK [2][-]{subsection.7.5.1}{Leistungsmessung\040bei\040Gleichstrom}{section.7.5}% 190
\BOOKMARK [3][-]{subsubsection*.64}{Stromrichtige\040Leistungsmessung}{subsection.7.5.1}% 191
\BOOKMARK [3][-]{subsubsection*.65}{Spannungsrichtige\040Leistungsmessung}{subsection.7.5.1}% 192
\BOOKMARK [3][-]{subsubsection*.66}{Energieverbrauch}{subsection.7.5.1}% 193
\BOOKMARK [2][-]{subsection.7.5.2}{Leistungsmessung\040bei\040Wechselstrom}{section.7.5}% 194
\BOOKMARK [3][-]{subsubsection*.67}{Wirkleistung}{subsection.7.5.2}% 195
\BOOKMARK [3][-]{subsubsection*.68}{Messung\040der\040Wirkleistung}{subsection.7.5.2}% 196
\BOOKMARK [3][-]{subsubsection*.69}{Stromrichtige\040und\040spannungsrichtige\040Anschaltung}{subsection.7.5.2}% 197
\BOOKMARK [3][-]{subsubsection*.70}{Blindleistung}{subsection.7.5.2}% 198
\BOOKMARK [3][-]{subsubsection*.71}{Scheinleistung}{subsection.7.5.2}% 199
\BOOKMARK [3][-]{subsubsection*.72}{Energieverbrauch}{subsection.7.5.2}% 200
\BOOKMARK [2][-]{subsection.7.5.3}{Leistungsmessung\040in\040Drehstromsystemen}{section.7.5}% 201
\BOOKMARK [3][-]{subsubsection*.73}{Effektivwert}{subsection.7.5.3}% 202
\BOOKMARK [3][-]{subsubsection*.74}{Wirkleistung}{subsection.7.5.3}% 203
\BOOKMARK [1][-]{section.7.6}{Widerstandsmessung}{chapter.7}% 204
\BOOKMARK [2][-]{subsection.7.6.1}{Stromrichtige\040Widerstandsmessung}{section.7.6}% 205
\BOOKMARK [2][-]{subsection.7.6.2}{Spannungsrichtige\040Widerstandsmessung}{section.7.6}% 206
\BOOKMARK [2][-]{subsection.7.6.3}{Widerstandsmessung\040mittels\0402\040Spannungsmessungen}{section.7.6}% 207
\BOOKMARK [2][-]{subsection.7.6.4}{Messabweichungen aufgrund von Kabelwiderständen}{section.7.6}% 208
\BOOKMARK [2][-]{subsection.7.6.5}{Brückenschaltungen}{section.7.6}% 209
\BOOKMARK [3][-]{subsubsection*.75}{Viertelbrücke / Ausschlagsbrücke}{subsection.7.6.5}% 210
\BOOKMARK [3][-]{subsubsection*.76}{Halbbrücke}{subsection.7.6.5}% 211
\BOOKMARK [3][-]{subsubsection*.77}{Vollbrücke}{subsection.7.6.5}% 212
\BOOKMARK [1][-]{section.7.7}{Messung von Kapazitäten und Induktivitäten}{chapter.7}% 213
\BOOKMARK [2][-]{subsection.7.7.1}{Stromrichtige\040und\040spannungsrichtige\040Anschaltung}{section.7.7}% 214
\BOOKMARK [2][-]{subsection.7.7.2}{Induktiver\040Verlustwiderstand}{section.7.7}% 215
\BOOKMARK [2][-]{subsection.7.7.3}{Messung\040mittels\0402\040Spannungsmessungen}{section.7.7}% 216
\BOOKMARK [2][-]{subsection.7.7.4}{Brückenschaltung}{section.7.7}% 217
\BOOKMARK [3][-]{subsubsection*.78}{Viertelbrücke}{subsection.7.7.4}% 218
\BOOKMARK [3][-]{subsubsection*.79}{Halbbrücke}{subsection.7.7.4}% 219
\BOOKMARK [3][-]{subsubsection*.80}{Vollbrücken}{subsection.7.7.4}% 220
\BOOKMARK [1][-]{section.7.8}{Frequenz-\040und\040Zeitmessung}{chapter.7}% 221
\BOOKMARK [2][-]{subsection.7.8.1}{Frequenzmessung}{section.7.8}% 222
\BOOKMARK [2][-]{subsection.7.8.2}{Zeitmessung}{section.7.8}% 223
\BOOKMARK [0][-]{chapter.8}{Sensoren}{part.1}% 224
\BOOKMARK [1][-]{section.8.1}{Einführung}{chapter.8}% 225
\BOOKMARK [2][-]{subsection.8.1.1}{Äußere Störeinflüsse}{section.8.1}% 226
\BOOKMARK [2][-]{subsection.8.1.2}{Filtern von Störeinflüssen}{section.8.1}% 227
\BOOKMARK [2][-]{subsection.8.1.3}{Verarbeitung\040eines\040Messsignals}{section.8.1}% 228
\BOOKMARK [2][-]{subsection.8.1.4}{Klassifizierung\040von\040Sensoren}{section.8.1}% 229
\BOOKMARK [3][-]{subsubsection*.81}{Passive\040Sensoren}{subsection.8.1.4}% 230
\BOOKMARK [3][-]{subsubsection*.82}{Aktive\040Sensoren}{subsection.8.1.4}% 231
\BOOKMARK [1][-]{section.8.2}{Dehnungsmessstreifen\040\(DMS\)}{chapter.8}% 232
\BOOKMARK [2][-]{subsection.8.2.1}{Grundlagen}{section.8.2}% 233
\BOOKMARK [2][-]{subsection.8.2.2}{Anwendungen\040und\040Beispiel}{section.8.2}% 234
\BOOKMARK [3][-]{subsubsection*.83}{Biegungsbeanspruchung}{subsection.8.2.2}% 235
\BOOKMARK [3][-]{subsubsection*.84}{Zug\040und\040Druck}{subsection.8.2.2}% 236
\BOOKMARK [3][-]{subsubsection*.85}{Scherkräftemessung}{subsection.8.2.2}% 237
\BOOKMARK [2][-]{subsection.8.2.3}{Temperaturkompensation}{section.8.2}% 238
\BOOKMARK [2][-]{subsection.8.2.4}{Referenzen}{section.8.2}% 239
\BOOKMARK [1][-]{section.8.3}{Piezoelektrische\040Sensoren}{chapter.8}% 240
\BOOKMARK [2][-]{subsection.8.3.1}{Grundlagen}{section.8.3}% 241
\BOOKMARK [2][-]{subsection.8.3.2}{Spannungsmessung}{section.8.3}% 242
\BOOKMARK [3][-]{subsubsection*.86}{Elektrometer}{subsection.8.3.2}% 243
\BOOKMARK [3][-]{subsubsection*.87}{Ladungsverstärker}{subsection.8.3.2}% 244
\BOOKMARK [2][-]{subsection.8.3.3}{Empfindlichkeit}{section.8.3}% 245
\BOOKMARK [2][-]{subsection.8.3.4}{Referenzen}{section.8.3}% 246
\BOOKMARK [1][-]{section.8.4}{Satellitennavigationssysteme}{chapter.8}% 247
\BOOKMARK [2][-]{subsection.8.4.1}{Positionsbestimmung}{section.8.4}% 248
\BOOKMARK [3][-]{subsubsection*.89}{Der Einfluss der Relativitätstheorie}{subsection.8.4.1}% 249
\BOOKMARK [2][-]{subsection.8.4.2}{Geschwindigkeitsbestimmung}{section.8.4}% 250
\BOOKMARK [2][-]{subsection.8.4.3}{Satelliten\040und\040Umlaufbahnen}{section.8.4}% 251
\BOOKMARK [2][-]{subsection.8.4.4}{Daten}{section.8.4}% 252
\BOOKMARK [3][-]{subsubsection*.90}{Woher\040kennt\040der\040Satellit\040diese\040Daten?}{subsection.8.4.4}% 253
\BOOKMARK [2][-]{subsection.8.4.5}{Signale}{section.8.4}% 254
\BOOKMARK [3][-]{subsubsection*.91}{Navigations-Nachricht}{subsection.8.4.5}% 255
\BOOKMARK [3][-]{subsubsection*.92}{Modulation der Nachricht auf den Träger}{subsection.8.4.5}% 256
\BOOKMARK [3][-]{subsubsection*.93}{PRN\040Code}{subsection.8.4.5}% 257
\BOOKMARK [3][-]{subsubsection*.94}{Zurückgewinnung der GPS-Nachricht}{subsection.8.4.5}% 258
\BOOKMARK [3][-]{subsubsection*.95}{Fehlerquellen bei der Datenübertragung}{subsection.8.4.5}% 259
\BOOKMARK [1][-]{section.8.5}{Kapazitive\040und\040Induktive\040Sensoren}{chapter.8}% 260
\BOOKMARK [2][-]{subsection.8.5.1}{Kapazitive\040Sensoren}{section.8.5}% 261
\BOOKMARK [2][-]{subsection.8.5.2}{Induktive\040Sensoren}{section.8.5}% 262
\BOOKMARK [2][-]{subsection.8.5.3}{Abstandssensoren}{section.8.5}% 263
\BOOKMARK [2][-]{subsection.8.5.4}{Füllstandssensoren}{section.8.5}% 264
\BOOKMARK [1][-]{section.8.6}{Temperaturmessungen}{chapter.8}% 265
\BOOKMARK [2][-]{subsection.8.6.1}{Thermoresistive\040Sensoren}{section.8.6}% 266
\BOOKMARK [3][-]{subsubsection*.96}{Metallwiderstandsthermometer}{subsection.8.6.1}% 267
\BOOKMARK [3][-]{subsubsection*.97}{Heißleiter}{subsection.8.6.1}% 268
\BOOKMARK [3][-]{subsubsection*.98}{Silizium-Temperatursensor}{subsection.8.6.1}% 269
\BOOKMARK [3][-]{subsubsection*.99}{Phasenübergangsthermometer}{subsection.8.6.1}% 270
\BOOKMARK [2][-]{subsection.8.6.2}{Thermoelemente}{section.8.6}% 271
\BOOKMARK [2][-]{subsection.8.6.3}{Pyrometer}{section.8.6}% 272
\BOOKMARK [3][-]{subsubsection*.100}{Fehlerquellen}{subsection.8.6.3}% 273
\BOOKMARK [2][-]{subsection.8.6.4}{Wärmebildkamera}{section.8.6}% 274
\BOOKMARK [1][-]{section.8.7}{Radar}{chapter.8}% 275
\BOOKMARK [2][-]{subsection.8.7.1}{Ultraschallsensoren}{section.8.7}% 276
\BOOKMARK [2][-]{subsection.8.7.2}{Lasersensoren}{section.8.7}% 277
\BOOKMARK [2][-]{subsection.8.7.3}{Radarsensoren}{section.8.7}% 278
\BOOKMARK [3][-]{subsubsection*.101}{Geschwindigkeitsmessungen}{subsection.8.7.3}% 279
\BOOKMARK [3][-]{subsubsection*.102}{Fehlerquellen\040und\040Messabweichungen}{subsection.8.7.3}% 280
\BOOKMARK [2][-]{subsection.8.7.4}{Triangulation}{section.8.7}% 281
\BOOKMARK [1][-]{section.8.8}{Laserinterferometrie}{chapter.8}% 282
\BOOKMARK [2][-]{subsection.8.8.1}{Interferometer}{section.8.8}% 283
\BOOKMARK [2][-]{subsection.8.8.2}{Signal\040eines\040homodynen\040Laserinterferometers}{section.8.8}% 284
\BOOKMARK [2][-]{subsection.8.8.3}{Signal\040eines\040heterodynen\040Laserinterferometers}{section.8.8}% 285
\BOOKMARK [3][-]{subsubsection*.103}{IQ-Demodulation}{subsection.8.8.3}% 286
\BOOKMARK [3][-]{subsubsection*.104}{Phasenregelschleife}{subsection.8.8.3}% 287
\BOOKMARK [-1][-]{part.2}{II Übungen & Tutorials}{}% 288
\BOOKMARK [0][-]{chapter.9}{Aufgabenpool}{part.2}% 289
\BOOKMARK [1][-]{section.9.1}{Messen von Zeit, Länge, Masse, Strom, Temperatur, Lichtstärke und Stoffmenge}{chapter.9}% 290
\BOOKMARK [2][-]{subsection.9.1.1}{Aufgabe\0401:\040Zeitmessung}{section.9.1}% 291
\BOOKMARK [2][-]{subsection.9.1.2}{Aufgabe 2: Längenmessung}{section.9.1}% 292
\BOOKMARK [2][-]{subsection.9.1.3}{Aufgabe\0403:\040Massenmessung}{section.9.1}% 293
\BOOKMARK [2][-]{subsection.9.1.4}{Aufgabe\0404:\040Strommessung}{section.9.1}% 294
\BOOKMARK [2][-]{subsection.9.1.5}{Aufgabe\0405:\040Temperaturmessung}{section.9.1}% 295
\BOOKMARK [2][-]{subsection.9.1.6}{Aufgabe 6: Lichtstärkemessung}{section.9.1}% 296
\BOOKMARK [2][-]{subsection.9.1.7}{Aufgabe 7: Extra Ü: Stoffmengenmessung}{section.9.1}% 297
\BOOKMARK [1][-]{section.9.2}{Kennlinie\040eines\040Dampfdruckthermometers}{chapter.9}% 298
\BOOKMARK [2][-]{subsection.9.2.1}{Aufgabe\0401:\040Materialkonstanten\040bestimmen}{section.9.2}% 299
\BOOKMARK [2][-]{subsection.9.2.2}{Aufgabe 2: Empfindlichkeit des Dampfdruckthermometers für Wasser}{section.9.2}% 300
\BOOKMARK [2][-]{subsection.9.2.3}{Aufgabe\0403:\040Empfindlichkeit\040des\040Dampfdruckthermometers}{section.9.2}% 301
\BOOKMARK [2][-]{subsection.9.2.4}{Aufgabe 4: Übergang zum Gasthermometer}{section.9.2}% 302
\BOOKMARK [1][-]{section.9.3}{Systematische\040Messabweichung}{chapter.9}% 303
\BOOKMARK [2][-]{subsection.9.3.1}{Aufgabe\0401}{section.9.3}% 304
\BOOKMARK [2][-]{subsection.9.3.2}{Aufgabe\0402}{section.9.3}% 305
\BOOKMARK [-1][-]{part.3}{III\040Jupyter\040Notebook\040Tutorials}{}% 306
\BOOKMARK [0][-]{chapter.10}{Jupyter\040Notebooks}{part.3}% 307
\BOOKMARK [1][-]{section.10.1}{Quick\040introduction\040to\040Jupyter\040Notebook}{chapter.10}% 308
\BOOKMARK [1][-]{section.10.2}{Messdaten\040analysieren}{chapter.10}% 309
\BOOKMARK [2][-]{subsection.10.2.1}{.csv-Datei\040als\040DataFrame\040einlesen}{section.10.2}% 310
\BOOKMARK [2][-]{subsection.10.2.2}{Daten plotten und Diagramm sichern mit ‘matplotlib’}{section.10.2}% 311
\BOOKMARK [2][-]{subsection.10.2.3}{Daten\040verarbeiten}{section.10.2}% 312
\BOOKMARK [3][-]{subsubsection*.105}{Statistische Größen: Mittelwert, Standardabweichung, Min, Max}{subsection.10.2.3}% 313
\BOOKMARK [3][-]{subsubsection*.106}{Maximum und zugehöriges Jahr ausgeben}{subsection.10.2.3}% 314
\BOOKMARK [3][-]{subsubsection*.107}{Daten\040aufsteigend/absteigend\040sortieren}{subsection.10.2.3}% 315
\BOOKMARK [2][-]{subsection.10.2.4}{Daten glätten}{section.10.2}% 316
\BOOKMARK [2][-]{subsection.10.2.5}{Messunsicherheiten als Fehlerbalken hinzufügen}{section.10.2}% 317
\BOOKMARK [2][-]{subsection.10.2.6}{Ausgleichsgerade\040berechnen\040und\040plotten}{section.10.2}% 318
\BOOKMARK [3][-]{subsubsection*.108}{Beliebige\040Funktion\040fitten}{subsection.10.2.6}% 319
\BOOKMARK [2][-]{subsection.10.2.7}{Logarithmische\040Darstellung}{section.10.2}% 320
\BOOKMARK [3][-]{subsubsection*.109}{Synthetische\040Daten\040generieren}{subsection.10.2.7}% 321
\BOOKMARK [3][-]{subsubsection*.110}{Halb-Logarithmische\040Darstellung}{subsection.10.2.7}% 322
\BOOKMARK [3][-]{subsubsection*.111}{Doppellogarithmische\040Darstellung}{subsection.10.2.7}% 323
\BOOKMARK [1][-]{section.10.3}{Fehlerfortpflanzung}{chapter.10}% 324
\BOOKMARK [2][-]{subsection.10.3.1}{Messdaten:\040Karussel}{section.10.3}% 325
\BOOKMARK [2][-]{subsection.10.3.2}{Lineare\040Regression}{section.10.3}% 326
\BOOKMARK [2][-]{subsection.10.3.3}{Geschwindigkeit}{section.10.3}% 327
\BOOKMARK [2][-]{subsection.10.3.4}{Unsicherheit\040der\040Steigung}{section.10.3}% 328
\BOOKMARK [2][-]{subsection.10.3.5}{Unsicherheit\040der\040Geschwindigkeit\040mittels\040Fehlerfortpflanzung}{section.10.3}% 329
\BOOKMARK [1][-]{section.10.4}{Vergleich\040verschiedener\040Fit-Funktionen}{chapter.10}% 330
\BOOKMARK [2][-]{subsection.10.4.1}{Messdaten:\040Karussel}{section.10.4}% 331
\BOOKMARK [2][-]{subsection.10.4.2}{Analytische\040Lineare\040Regression}{section.10.4}% 332
\BOOKMARK [2][-]{subsection.10.4.3}{Lineare\040Regression\040mit\040Python:\040scipy\040}{section.10.4}% 333
\BOOKMARK [2][-]{subsection.10.4.4}{Lineare\040Regression\040mit\040Python:\040lmfit\040}{section.10.4}% 334
\BOOKMARK [1][-]{section.10.5}{Lineare Regression mit Berücksichtigung von Fehlerbalken}{chapter.10}% 335
\BOOKMARK [2][-]{subsection.10.5.1}{Recap:\040Lineare\040Regression}{section.10.5}% 336
\BOOKMARK [2][-]{subsection.10.5.2}{Der\040Einfluss\040von\040Fehlerbalken\040auf\040den\040Fit\040}{section.10.5}% 337
\BOOKMARK [2][-]{subsection.10.5.3}{Kurvenanpassung\040mit\040Python:\040scipy\040}{section.10.5}% 338
\BOOKMARK [2][-]{subsection.10.5.4}{Kurvenanpassung\040mit\040Python:\040lmfit\040}{section.10.5}% 339
\BOOKMARK [1][-]{section.10.6}{Fourier-Transformation:\040Entfernung\040von\040Hintergrundrauschen\040in\040einem\040Audiosignal}{chapter.10}% 340
\BOOKMARK [2][-]{subsection.10.6.1}{Signal\040erstellen}{section.10.6}% 341
\BOOKMARK [2][-]{subsection.10.6.2}{Audiosignale\040mischen}{section.10.6}% 342
\BOOKMARK [2][-]{subsection.10.6.3}{Fast\040Fourier-Transformation\040\(FFT\)}{section.10.6}% 343
\BOOKMARK [2][-]{subsection.10.6.4}{Schnellere\040fast\040FT\040mittels\040rfft\(\)}{section.10.6}% 344
\BOOKMARK [2][-]{subsection.10.6.5}{Filtern\040des\040Signals}{section.10.6}% 345
\BOOKMARK [2][-]{subsection.10.6.6}{Die\040inverse\040FFT\040anwenden}{section.10.6}% 346
\BOOKMARK [-1][-]{part.4}{IV\040Praktikum}{}% 347
\BOOKMARK [0][-]{chapter.11}{Infos\040zum\040Praktikum}{part.4}% 348
\BOOKMARK [1][-]{section.11.1}{Programme für die Datenanalyse}{chapter.11}% 349
\BOOKMARK [2][-]{subsection.11.1.1}{Programmieren\040mit\040Python}{section.11.1}% 350
\BOOKMARK [1][-]{section.11.2}{Grundidee:\040Messdaten\040sammeln}{chapter.11}% 351
\BOOKMARK [1][-]{section.11.3}{Diagramme\040zeichnen}{chapter.11}% 352
\BOOKMARK [0][-]{chapter*.112}{Literaturverzeichnis}{part.4}% 353
