Traceback (most recent call last):
  File "/Users/KSIsleif/opt/anaconda3/lib/python3.9/site-packages/jupyter_cache/executors/utils.py", line 58, in single_nb_execution
    executenb(
  File "/Users/KSIsleif/opt/anaconda3/lib/python3.9/site-packages/nbclient/client.py", line 1204, in execute
    return NotebookClient(nb=nb, resources=resources, km=km, **kwargs).execute()
  File "/Users/KSIsleif/opt/anaconda3/lib/python3.9/site-packages/nbclient/util.py", line 84, in wrapped
    return just_run(coro(*args, **kwargs))
  File "/Users/KSIsleif/opt/anaconda3/lib/python3.9/site-packages/nbclient/util.py", line 62, in just_run
    return loop.run_until_complete(coro)
  File "/Users/KSIsleif/opt/anaconda3/lib/python3.9/asyncio/base_events.py", line 647, in run_until_complete
    return future.result()
  File "/Users/KSIsleif/opt/anaconda3/lib/python3.9/site-packages/nbclient/client.py", line 663, in async_execute
    await self.async_execute_cell(
  File "/Users/KSIsleif/opt/anaconda3/lib/python3.9/site-packages/nbclient/client.py", line 965, in async_execute_cell
    await self._check_raise_for_error(cell, cell_index, exec_reply)
  File "/Users/KSIsleif/opt/anaconda3/lib/python3.9/site-packages/nbclient/client.py", line 862, in _check_raise_for_error
    raise CellExecutionError.from_cell_and_msg(cell, exec_reply_content)
nbclient.exceptions.CellExecutionError: An error occurred while executing the following cell:
------------------
# In diesem Code-Block werden ein paar wichtige Libraries geladen.
# Code-Blocks erkennst du an der Hintergrundfarbe dieser Zelle.
# Einfach mal hier rein klicken und per "Shift+Enter" ausführen. 
import numpy as np
import matplotlib.pyplot as plt
from matplotlib.pyplot import figure
from IPython.display import Image
params = {'legend.fontsize': 'x-large',
          'figure.figsize': (15, 10),
          'axes.labelsize': 'x-large',
          'axes.titlesize':'x-large',
          'xtick.labelsize':'x-large',
          'ytick.labelsize':'x-large'}
plt.rcParams.update(params)
%matplotlib inline
%pylab inline
#plt.xkcd() # plots in xkcd-style
------------------

[0;31m---------------------------------------------------------------------------[0m
[0;31mKeyboardInterrupt[0m                         Traceback (most recent call last)
Cell [0;32mIn[1], line 4[0m
[1;32m      1[0m [38;5;66;03m# In diesem Code-Block werden ein paar wichtige Libraries geladen.[39;00m
[1;32m      2[0m [38;5;66;03m# Code-Blocks erkennst du an der Hintergrundfarbe dieser Zelle.[39;00m
[1;32m      3[0m [38;5;66;03m# Einfach mal hier rein klicken und per "Shift+Enter" ausführen. [39;00m
[0;32m----> 4[0m [38;5;28;01mimport[39;00m [38;5;21;01mnumpy[39;00m [38;5;28;01mas[39;00m [38;5;21;01mnp[39;00m
[1;32m      5[0m [38;5;28;01mimport[39;00m [38;5;21;01mmatplotlib[39;00m[38;5;21;01m.[39;00m[38;5;21;01mpyplot[39;00m [38;5;28;01mas[39;00m [38;5;21;01mplt[39;00m
[1;32m      6[0m [38;5;28;01mfrom[39;00m [38;5;21;01mmatplotlib[39;00m[38;5;21;01m.[39;00m[38;5;21;01mpyplot[39;00m [38;5;28;01mimport[39;00m figure

File [0;32m~/opt/anaconda3/lib/python3.9/site-packages/numpy/__init__.py:337[0m
[1;32m    334[0m [38;5;28;01mdel[39;00m PytestTester
[1;32m    336[0m [38;5;28;01mimport[39;00m [38;5;21;01mmkl[39;00m
[0;32m--> 337[0m __mkl_version__ [38;5;241m=[39m [38;5;124m"[39m[38;5;132;01m{MajorVersion}[39;00m[38;5;124m.[39m[38;5;132;01m{MinorVersion}[39;00m[38;5;124m.[39m[38;5;132;01m{UpdateVersion}[39;00m[38;5;124m"[39m[38;5;241m.[39mformat([38;5;241m*[39m[38;5;241m*[39m[43mmkl[49m[38;5;241;43m.[39;49m[43mget_version[49m[43m([49m[43m)[49m)
[1;32m    340[0m [38;5;28;01mdef[39;00m [38;5;21m_sanity_check[39m():
[1;32m    341[0m [38;5;250m    [39m[38;5;124;03m"""[39;00m
[1;32m    342[0m [38;5;124;03m    Quick sanity checks for common bugs caused by environment.[39;00m
[1;32m    343[0m [38;5;124;03m    There are some cases e.g. with wrong BLAS ABI that cause wrong[39;00m
[0;32m   (...)[0m
[1;32m    349[0m 
[1;32m    350[0m [38;5;124;03m    """[39;00m

[0;31mKeyboardInterrupt[0m: 
KeyboardInterrupt: 

