Traceback (most recent call last):
  File "/Users/KSIsleif/opt/anaconda3/lib/python3.9/site-packages/jupyter_cache/executors/utils.py", line 58, in single_nb_execution
    executenb(
  File "/Users/KSIsleif/opt/anaconda3/lib/python3.9/site-packages/nbclient/client.py", line 1204, in execute
    return NotebookClient(nb=nb, resources=resources, km=km, **kwargs).execute()
  File "/Users/KSIsleif/opt/anaconda3/lib/python3.9/site-packages/nbclient/util.py", line 84, in wrapped
    return just_run(coro(*args, **kwargs))
  File "/Users/KSIsleif/opt/anaconda3/lib/python3.9/site-packages/nbclient/util.py", line 62, in just_run
    return loop.run_until_complete(coro)
  File "/Users/KSIsleif/opt/anaconda3/lib/python3.9/asyncio/base_events.py", line 647, in run_until_complete
    return future.result()
  File "/Users/KSIsleif/opt/anaconda3/lib/python3.9/site-packages/nbclient/client.py", line 663, in async_execute
    await self.async_execute_cell(
  File "/Users/KSIsleif/opt/anaconda3/lib/python3.9/site-packages/nbclient/client.py", line 965, in async_execute_cell
    await self._check_raise_for_error(cell, cell_index, exec_reply)
  File "/Users/KSIsleif/opt/anaconda3/lib/python3.9/site-packages/nbclient/client.py", line 862, in _check_raise_for_error
    raise CellExecutionError.from_cell_and_msg(cell, exec_reply_content)
nbclient.exceptions.CellExecutionError: An error occurred while executing the following cell:
------------------
import numpy as np
import pandas as pd
import matplotlib.pyplot as plt
from scipy.optimize import curve_fit
from scipy import interpolate

# Erstellen der DataFrames
data = pd.DataFrame({'x': x, 'y': y})

# Berechnung der Regressionskoeffizienten
x_mean = data['x'].mean()
y_mean = data['y'].mean()
xy_mean = (data['x'] * data['y']).mean()
x_squared_mean = (data['x']**2).mean()

b = (xy_mean - x_mean * y_mean) / (x_squared_mean - x_mean**2)
a = y_mean - b * x_mean

print("Regressionskoeffizient b (Geraden-Steigung):", b)
print("Regressionskoeffizient a (Ordinatenabschnitt):", a)

# Berechnung der Gütefunktion
data['b*x+a'] = b * data['x'] + a
data['y-(b*x+a)'] = data['y'] - data['b*x+a']
data['[y-(b*x+a)]^2'] = data['y-(b*x+a)']**2
sum_of_squared_residuals = data['[y-(b*x+a)]^2'].sum()



# MatplotLib Settings:
plt.style.use('default') # Matplotlib Style wählen
plt.rcParams['font.size'] = 10; # Schriftgröße

plt.figure(figsize=(5,4)) # Plot-Größe
plt.plot(x,y,'o', color='tab:gray', zorder=3)
plt.plot(x,b*x+a,lw=3, color="black", ls = ':')  # plot Ausgleichsgerade mit m und b
plt.plot((x,x),([i for i in y], [j for (j) in anpassung(x,*popt)]),c='tab:red', zorder=1)
plt.xlabel('x')
plt.ylabel('y')
#plt.xticks([])
#plt.yticks([])
plt.legend(['Messwerte', 'Modellfunktion, hier eine Gerade', 'Residuum (Fehler)'])
plt.show()
------------------

[0;31m---------------------------------------------------------------------------[0m
[0;31mNameError[0m                                 Traceback (most recent call last)
Cell [0;32mIn[1], line 8[0m
[1;32m      5[0m [38;5;28;01mfrom[39;00m [38;5;21;01mscipy[39;00m [38;5;28;01mimport[39;00m interpolate
[1;32m      7[0m [38;5;66;03m# Erstellen der DataFrames[39;00m
[0;32m----> 8[0m data [38;5;241m=[39m pd[38;5;241m.[39mDataFrame({[38;5;124m'[39m[38;5;124mx[39m[38;5;124m'[39m: [43mx[49m, [38;5;124m'[39m[38;5;124my[39m[38;5;124m'[39m: y})
[1;32m     10[0m [38;5;66;03m# Berechnung der Regressionskoeffizienten[39;00m
[1;32m     11[0m x_mean [38;5;241m=[39m data[[38;5;124m'[39m[38;5;124mx[39m[38;5;124m'[39m][38;5;241m.[39mmean()

[0;31mNameError[0m: name 'x' is not defined
NameError: name 'x' is not defined

