Traceback (most recent call last):
  File "/Users/KSIsleif/opt/anaconda3/lib/python3.9/site-packages/jupyter_cache/executors/utils.py", line 58, in single_nb_execution
    executenb(
  File "/Users/KSIsleif/opt/anaconda3/lib/python3.9/site-packages/nbclient/client.py", line 1204, in execute
    return NotebookClient(nb=nb, resources=resources, km=km, **kwargs).execute()
  File "/Users/KSIsleif/opt/anaconda3/lib/python3.9/site-packages/nbclient/util.py", line 84, in wrapped
    return just_run(coro(*args, **kwargs))
  File "/Users/KSIsleif/opt/anaconda3/lib/python3.9/site-packages/nbclient/util.py", line 62, in just_run
    return loop.run_until_complete(coro)
  File "/Users/KSIsleif/opt/anaconda3/lib/python3.9/asyncio/base_events.py", line 647, in run_until_complete
    return future.result()
  File "/Users/KSIsleif/opt/anaconda3/lib/python3.9/site-packages/nbclient/client.py", line 663, in async_execute
    await self.async_execute_cell(
  File "/Users/KSIsleif/opt/anaconda3/lib/python3.9/site-packages/nbclient/client.py", line 965, in async_execute_cell
    await self._check_raise_for_error(cell, cell_index, exec_reply)
  File "/Users/KSIsleif/opt/anaconda3/lib/python3.9/site-packages/nbclient/client.py", line 862, in _check_raise_for_error
    raise CellExecutionError.from_cell_and_msg(cell, exec_reply_content)
nbclient.exceptions.CellExecutionError: An error occurred while executing the following cell:
------------------
import numpy as np
import scipy.signal as signal
import matplotlib.pyplot as plt
import warnings
warnings.filterwarnings('ignore')

# MatplotLib Settings:
plt.style.use('default') # Matplotlib Style wählen
#plt.xkcd()
plt.rcParams['axes.grid']= True     # defaults to False but xkcd() makes it False
plt.rcParams['grid.linewidth']= 0.8  # defaults to 0.8
plt.rcParams['font.size'] = 10; # Schriftgröße

#fig, ax = plt.subplots(figsize=(8,5))
ax1 = plt.subplot2grid((2,2), (0,0)) # topleft
ax3 = plt.subplot2grid((2,2), (0,1), rowspan=1)            # right
ax2 = plt.subplot2grid((2,2), (1,0))  
ax4 = plt.subplot2grid((2,2), (1,1))  

for i, ax in enumerate(fig.axes):
    ax.set_xlim(1e-2,100)
        
w2 = np.logspace(-3,2,200)

# Transfer Funktion Tiefpass 1. Ordnung:
K = 1
T = 1
num = np.array([K])
den = np.array([T , 1])
H = signal.TransferFunction(num , den)
w, mag, phase = signal.bode(H,w2)
ax1.semilogx(w, mag, color='tab:blue')
ax1.set_yticks([0, -20, -40, -60],['$0$','-20', '-40', '-60'])
ax1.set_xticks([0.01/T,0.1/T,1/T,10/T,100/T], ['0.01','0.1','1','10','100'])
ax1.grid(True, lw=0.5, zorder=0, ls = '--', which='major', axis='both')
ax1.set_ylabel("Amplitude (dB)")
ax1.set_ylim(-80,10)
ax1.set_title('Tiefpass 1. Ordg.')

ax2.semilogx(w, phase, color='tab:blue')
ax2.set_yticks([0,-90, -180])
ax2.set_xticks([0.01/T,0.1/T,1/T,10/T,100/T], ['0.01','0.1','1','10','100'])
ax2.grid(True, lw=0.5, zorder=0, ls = '--', which='major', axis='both')
ax2.set_xlabel("Frequenz $f/f_0$")
ax2.set_ylabel('Phase (deg)')

# Transfer Funktion Tiefpass 2. Ordnung:
K = 1
T = 1
D = 0.2
num = np.array([K])
den = np.array([T ,2*D*T, 1])
H = signal.TransferFunction(num , den)
w, mag, phase = signal.bode(H,w2)

ax3.semilogx(w, mag, color='tab:red')
ax3.set_yticks([0, -20, -40, -60],['$0$','-20', '-40', '-60'])
ax3.set_xticks([0.01/T,0.1/T,1/T,10/T,100/T], ['0.01','0.1','1','10','100'])
ax3.grid(True, lw=0.5, zorder=0, ls = '--', which='major', axis='both')
ax3.set_ylabel("Amplitude (dB)")
ax3.set_ylim(-80,10)
ax3.set_title('Tiefpass 2. Ordg.')

ax4.semilogx(w, phase, color='tab:red')
ax4.set_yticks([0,-90, -180])
ax4.set_xticks([0.01/T,0.1/T,1/T,10/T,100/T], ['0.01','0.1','1','10','100'])
ax4.grid(True, lw=0.5, zorder=0, ls = '--', which='major', axis='both')
ax4.set_xlabel("Frequenz $f/f_0$")
ax4.set_ylabel('Phase (deg)')

plt.tight_layout()
------------------

[0;31m---------------------------------------------------------------------------[0m
[0;31mNameError[0m                                 Traceback (most recent call last)
Cell [0;32mIn[2], line 20[0m
[1;32m     17[0m ax2 [38;5;241m=[39m plt[38;5;241m.[39msubplot2grid(([38;5;241m2[39m,[38;5;241m2[39m), ([38;5;241m1[39m,[38;5;241m0[39m))  
[1;32m     18[0m ax4 [38;5;241m=[39m plt[38;5;241m.[39msubplot2grid(([38;5;241m2[39m,[38;5;241m2[39m), ([38;5;241m1[39m,[38;5;241m1[39m))  
[0;32m---> 20[0m [38;5;28;01mfor[39;00m i, ax [38;5;129;01min[39;00m [38;5;28menumerate[39m([43mfig[49m[38;5;241m.[39maxes):
[1;32m     21[0m     ax[38;5;241m.[39mset_xlim([38;5;241m1e-2[39m,[38;5;241m100[39m)
[1;32m     23[0m w2 [38;5;241m=[39m np[38;5;241m.[39mlogspace([38;5;241m-[39m[38;5;241m3[39m,[38;5;241m2[39m,[38;5;241m200[39m)

[0;31mNameError[0m: name 'fig' is not defined
NameError: name 'fig' is not defined

