Traceback (most recent call last):
  File "/Users/KSIsleif/opt/anaconda3/lib/python3.9/site-packages/jupyter_cache/executors/utils.py", line 51, in single_nb_execution
    executenb(
  File "/Users/KSIsleif/opt/anaconda3/lib/python3.9/site-packages/nbclient/client.py", line 1204, in execute
    return NotebookClient(nb=nb, resources=resources, km=km, **kwargs).execute()
  File "/Users/KSIsleif/opt/anaconda3/lib/python3.9/site-packages/nbclient/util.py", line 84, in wrapped
    return just_run(coro(*args, **kwargs))
  File "/Users/KSIsleif/opt/anaconda3/lib/python3.9/site-packages/nbclient/util.py", line 62, in just_run
    return loop.run_until_complete(coro)
  File "/Users/KSIsleif/opt/anaconda3/lib/python3.9/asyncio/base_events.py", line 647, in run_until_complete
    return future.result()
  File "/Users/KSIsleif/opt/anaconda3/lib/python3.9/site-packages/nbclient/client.py", line 663, in async_execute
    await self.async_execute_cell(
  File "/Users/KSIsleif/opt/anaconda3/lib/python3.9/site-packages/nbclient/client.py", line 965, in async_execute_cell
    await self._check_raise_for_error(cell, cell_index, exec_reply)
  File "/Users/KSIsleif/opt/anaconda3/lib/python3.9/site-packages/nbclient/client.py", line 862, in _check_raise_for_error
    raise CellExecutionError.from_cell_and_msg(cell, exec_reply_content)
nbclient.exceptions.CellExecutionError: An error occurred while executing the following cell:
------------------
Messwert = 5.847 # in V
Nachkommastellen = 5
A_rel = 0.005 # = 0.5%
Digit = 0.001 # in V 
A_total = A_rel * Messwert + 9 * Digit
print('Die Messtoleranz beträgt: +-',round(A_total,Nachkommastellen), 'V = +-', round(A_total*1000,Nachkommastellen), 'mV')
print('Die Unsicherheit beträgt: +-',round(A_total/np.sqrt(3),Nachkommastellen), 'V = +-', round(A_total*1000/np.sqrt(3),Nachkommastellen), 'mV')
------------------

[0;31m---------------------------------------------------------------------------[0m
[0;31mNameError[0m                                 Traceback (most recent call last)
Input [0;32mIn [2][0m, in [0;36m<cell line: 7>[0;34m()[0m
[1;32m      5[0m A_total [38;5;241m=[39m A_rel [38;5;241m*[39m Messwert [38;5;241m+[39m [38;5;241m9[39m [38;5;241m*[39m Digit
[1;32m      6[0m [38;5;28mprint[39m([38;5;124m'[39m[38;5;124mDie Messtoleranz beträgt: +-[39m[38;5;124m'[39m,[38;5;28mround[39m(A_total,Nachkommastellen), [38;5;124m'[39m[38;5;124mV = +-[39m[38;5;124m'[39m, [38;5;28mround[39m(A_total[38;5;241m*[39m[38;5;241m1000[39m,Nachkommastellen), [38;5;124m'[39m[38;5;124mmV[39m[38;5;124m'[39m)
[0;32m----> 7[0m [38;5;28mprint[39m([38;5;124m'[39m[38;5;124mDie Unsicherheit beträgt: +-[39m[38;5;124m'[39m,[38;5;28mround[39m(A_total[38;5;241m/[39m[43mnp[49m[38;5;241m.[39msqrt([38;5;241m3[39m),Nachkommastellen), [38;5;124m'[39m[38;5;124mV = +-[39m[38;5;124m'[39m, [38;5;28mround[39m(A_total[38;5;241m*[39m[38;5;241m1000[39m[38;5;241m/[39mnp[38;5;241m.[39msqrt([38;5;241m3[39m),Nachkommastellen), [38;5;124m'[39m[38;5;124mmV[39m[38;5;124m'[39m)

[0;31mNameError[0m: name 'np' is not defined
NameError: name 'np' is not defined

